时间:2014-05-06 11:27:11,168 
级别:INFO 
类名:Wings.Logger
文件:g:\GitHub\WingsCMS\0\WingsCMS\Wings.Framework\Log\Log.cs 第119行
 [13] 
 日志内容:载入登录页面
-----------------------------------------

时间:2014-05-06 11:28:07,357 
级别:INFO 
类名:Wings.Logger
文件:g:\GitHub\WingsCMS\0\WingsCMS\Wings.Framework\Log\Log.cs 第119行
 [16] 
 日志内容:载入登录页面
-----------------------------------------

时间:2014-05-06 11:28:56,750 
级别:INFO 
类名:Wings.Logger
文件:g:\GitHub\WingsCMS\0\WingsCMS\Wings.Framework\Log\Log.cs 第119行
 [15] 
 日志内容:载入登录页面
-----------------------------------------

时间:2014-05-06 11:30:03,058 
级别:INFO 
类名:Wings.Logger
文件:g:\GitHub\WingsCMS\0\WingsCMS\Wings.Framework\Log\Log.cs 第119行
 [7] 
 日志内容:载入登录页面
-----------------------------------------

时间:2014-05-06 11:30:28,755 
级别:INFO 
类名:Wings.Logger
文件:g:\GitHub\WingsCMS\0\WingsCMS\Wings.Framework\Log\Log.cs 第119行
 [23] 
 日志内容:载入登录页面
-----------------------------------------

时间:2014-05-06 11:31:42,290 
级别:INFO 
类名:Wings.Logger
文件:g:\GitHub\WingsCMS\0\WingsCMS\Wings.Framework\Log\Log.cs 第119行
 [9] 
 日志内容:载入登录页面
-----------------------------------------

时间:2014-05-06 11:52:28,655 
级别:INFO 
类名:Wings.Logger
文件:g:\GitHub\WingsCMS\0\WingsCMS\Wings.Framework\Log\Log.cs 第119行
 [6] 
 日志内容:载入登录页面
-----------------------------------------

时间:2014-05-06 11:55:10,229 
级别:INFO 
类名:Wings.Logger
文件:g:\GitHub\WingsCMS\0\WingsCMS\Wings.Framework\Log\Log.cs 第119行
 [7] 
 日志内容:载入登录页面
-----------------------------------------

时间:2014-05-06 17:27:33,861 
级别:INFO 
类名:Wings.Logger
文件:g:\GitHub\WingsCMS\0\WingsCMS\Wings.Framework\Log\Log.cs 第119行
 [9] 
 日志内容:载入登录页面
-----------------------------------------

时间:2014-05-06 17:28:38,618 
级别:INFO 
类名:Wings.Logger
文件:g:\GitHub\WingsCMS\0\WingsCMS\Wings.Framework\Log\Log.cs 第119行
 [7] 
 日志内容:载入登录页面
-----------------------------------------

时间:2014-05-06 17:29:40,121 
级别:INFO 
类名:Wings.Logger
文件:g:\GitHub\WingsCMS\0\WingsCMS\Wings.Framework\Log\Log.cs 第119行
 [7] 
 日志内容:载入登录页面
-----------------------------------------

时间:2014-05-06 17:31:17,764 
级别:INFO 
类名:Wings.Logger
文件:g:\GitHub\WingsCMS\0\WingsCMS\Wings.Framework\Log\Log.cs 第119行
 [24] 
 日志内容:载入登录页面
-----------------------------------------

时间:2014-05-06 17:31:50,239 
级别:INFO 
类名:Wings.Logger
文件:g:\GitHub\WingsCMS\0\WingsCMS\Wings.Framework\Log\Log.cs 第119行
 [9] 
 日志内容:载入登录页面
-----------------------------------------

时间:2014-05-06 17:32:05,100 
级别:INFO 
类名:Wings.Logger
文件:g:\GitHub\WingsCMS\0\WingsCMS\Wings.Framework\Log\Log.cs 第119行
 [7] 
 日志内容:载入登录页面
-----------------------------------------

时间:2014-05-06 17:33:21,295 
级别:INFO 
类名:Wings.Logger
文件:g:\GitHub\WingsCMS\0\WingsCMS\Wings.Framework\Log\Log.cs 第119行
 [5] 
 日志内容:载入登录页面
-----------------------------------------

时间:2014-05-06 17:33:54,911 
级别:INFO 
类名:Wings.Logger
文件:g:\GitHub\WingsCMS\0\WingsCMS\Wings.Framework\Log\Log.cs 第119行
 [7] 
 日志内容:载入登录页面
-----------------------------------------

时间:2014-05-06 17:36:01,549 
级别:INFO 
类名:Wings.Logger
文件:g:\GitHub\WingsCMS\0\WingsCMS\Wings.Framework\Log\Log.cs 第119行
 [7] 
 日志内容:载入登录页面
-----------------------------------------

时间:2014-05-06 17:36:13,293 
级别:INFO 
类名:Wings.Logger
文件:g:\GitHub\WingsCMS\0\WingsCMS\Wings.Framework\Log\Log.cs 第119行
 [15] 
 日志内容:载入登录页面
-----------------------------------------

时间:2014-05-06 17:40:22,301 
级别:INFO 
类名:Wings.Logger
文件:g:\GitHub\WingsCMS\0\WingsCMS\Wings.Framework\Log\Log.cs 第119行
 [15] 
 日志内容:载入登录页面
-----------------------------------------

时间:2014-05-06 17:40:55,783 
级别:INFO 
类名:Wings.Logger
文件:g:\GitHub\WingsCMS\0\WingsCMS\Wings.Framework\Log\Log.cs 第119行
 [7] 
 日志内容:载入登录页面
-----------------------------------------

时间:2014-05-06 17:41:07,823 
级别:INFO 
类名:Wings.Logger
文件:g:\GitHub\WingsCMS\0\WingsCMS\Wings.Framework\Log\Log.cs 第119行
 [15] 
 日志内容:载入登录页面
-----------------------------------------

时间:2014-05-06 17:41:42,471 
级别:INFO 
类名:Wings.Logger
文件:g:\GitHub\WingsCMS\0\WingsCMS\Wings.Framework\Log\Log.cs 第119行
 [7] 
 日志内容:载入登录页面
-----------------------------------------

时间:2014-05-06 17:49:52,864 
级别:INFO 
类名:Wings.Logger
文件:g:\GitHub\WingsCMS\0\WingsCMS\Wings.Framework\Log\Log.cs 第119行
 [5] 
 日志内容:载入登录页面
-----------------------------------------

时间:2014-05-06 17:52:35,101 
级别:INFO 
类名:Wings.Logger
文件:g:\GitHub\WingsCMS\0\WingsCMS\Wings.Framework\Log\Log.cs 第119行
 [15] 
 日志内容:载入登录页面
-----------------------------------------

时间:2014-05-06 17:53:34,262 
级别:INFO 
类名:Wings.Logger
文件:g:\GitHub\WingsCMS\0\WingsCMS\Wings.Framework\Log\Log.cs 第119行
 [7] 
 日志内容:载入登录页面
-----------------------------------------

时间:2014-05-06 18:03:21,555 
级别:INFO 
类名:Wings.Logger
文件:g:\GitHub\WingsCMS\0\WingsCMS\Wings.Framework\Log\Log.cs 第119行
 [22] 
 日志内容:载入登录页面
-----------------------------------------

时间:2014-05-06 18:04:43,750 
级别:INFO 
类名:Wings.Logger
文件:g:\GitHub\WingsCMS\0\WingsCMS\Wings.Framework\Log\Log.cs 第119行
 [22] 
 日志内容:载入登录页面
-----------------------------------------

时间:2014-05-06 18:08:22,366 
级别:INFO 
类名:Wings.Logger
文件:g:\GitHub\WingsCMS\0\WingsCMS\Wings.Framework\Log\Log.cs 第119行
 [5] 
 日志内容:载入登录页面
-----------------------------------------

时间:2014-05-06 18:08:31,064 
级别:INFO 
类名:Wings.Logger
文件:g:\GitHub\WingsCMS\0\WingsCMS\Wings.Framework\Log\Log.cs 第119行
 [5] 
 日志内容:载入登录页面
-----------------------------------------

时间:2014-05-06 18:10:17,204 
级别:INFO 
类名:Wings.Logger
文件:g:\GitHub\WingsCMS\0\WingsCMS\Wings.Framework\Log\Log.cs 第119行
 [7] 
 日志内容:载入登录页面
-----------------------------------------

时间:2014-05-06 18:10:59,996 
级别:INFO 
类名:Wings.Logger
文件:g:\GitHub\WingsCMS\0\WingsCMS\Wings.Framework\Log\Log.cs 第119行
 [21] 
 日志内容:载入登录页面
-----------------------------------------

时间:2014-05-06 18:11:29,976 
级别:INFO 
类名:Wings.Logger
文件:g:\GitHub\WingsCMS\0\WingsCMS\Wings.Framework\Log\Log.cs 第119行
 [15] 
 日志内容:载入登录页面
-----------------------------------------

时间:2014-05-06 18:12:27,784 
级别:INFO 
类名:Wings.Logger
文件:g:\GitHub\WingsCMS\0\WingsCMS\Wings.Framework\Log\Log.cs 第119行
 [7] 
 日志内容:载入登录页面
-----------------------------------------

时间:2014-05-06 18:12:49,415 
级别:INFO 
类名:Wings.Logger
文件:g:\GitHub\WingsCMS\0\WingsCMS\Wings.Framework\Log\Log.cs 第119行
 [15] 
 日志内容:载入登录页面
-----------------------------------------

时间:2014-05-06 18:12:50,470 
级别:INFO 
类名:Wings.Logger
文件:g:\GitHub\WingsCMS\0\WingsCMS\Wings.Framework\Log\Log.cs 第119行
 [21] 
 日志内容:载入登录页面
-----------------------------------------

时间:2014-05-06 18:15:26,371 
级别:INFO 
类名:Wings.Logger
文件:g:\GitHub\WingsCMS\0\WingsCMS\Wings.Framework\Log\Log.cs 第119行
 [23] 
 日志内容:载入登录页面
-----------------------------------------

