时间:2014-04-22 11:34:07,026 
级别:ERROR 
类名:Wings.Logger
文件:g:\GitHub\WingsCMS\0\WingsCMS\Wings.Framework\Log\Log.cs 第60行
 [30] 
 日志内容:System.NullReferenceException: 未将对象引用设置到对象的实例。
   在 Wings.Core.Implementation.WebServiceImpl.GetAllAction(Guid WebID) 位置 g:\GitHub\WingsCMS\0\WingsCMS\Wings.Core\Implementation\WebServiceImpl.cs:行号 156
   在 DynamicModule.ns.Wrapped_IWebService_51f6f1683b8b4b69ba673085412f159f.<GetAllAction_DelegateImplementation>__13(IMethodInvocation inputs, GetNextInterceptionBehaviorDelegate getNext)
-----------------------------------------

时间:2014-04-22 11:34:26,816 
级别:ERROR 
类名:Wings.Logger
文件:g:\GitHub\WingsCMS\0\WingsCMS\Wings.Framework\Log\Log.cs 第60行
 [30] 
 日志内容:System.NullReferenceException: 未将对象引用设置到对象的实例。
   在 Wings.Core.Implementation.WebServiceImpl.GetAllAction(Guid WebID) 位置 g:\GitHub\WingsCMS\0\WingsCMS\Wings.Core\Implementation\WebServiceImpl.cs:行号 156
   在 DynamicModule.ns.Wrapped_IWebService_51f6f1683b8b4b69ba673085412f159f.<GetAllAction_DelegateImplementation>__13(IMethodInvocation inputs, GetNextInterceptionBehaviorDelegate getNext)
-----------------------------------------

时间:2014-04-22 12:49:16,843 
级别:ERROR 
类名:Wings.Logger
文件:g:\GitHub\WingsCMS\0\WingsCMS\Wings.Framework\Log\Log.cs 第60行
 [128] 
 日志内容:System.ServiceModel.CommunicationObjectAbortedException: 由于会话通道等待接收消息时超时，因此无法完成操作“GetAllPermission”。要增加超时，请在配置文件绑定上设置 receiveTimeout 属性或直接在 Binding 上设置 ReceiveTimeout 属性。

Server stack trace: 
   在 System.ServiceModel.Channels.ServiceChannel.ThrowIfIdleAborted(ProxyOperationRuntime operation)
   在 System.ServiceModel.Channels.ServiceChannel.Call(String action, Boolean oneway, ProxyOperationRuntime operation, Object[] ins, Object[] outs, TimeSpan timeout)
   在 System.ServiceModel.Channels.ServiceChannelProxy.InvokeService(IMethodCallMessage methodCall, ProxyOperationRuntime operation)
   在 System.ServiceModel.Channels.ServiceChannelProxy.Invoke(IMessage message)

Exception rethrown at [0]: 
   在 System.Runtime.Remoting.Proxies.RealProxy.HandleReturnMessage(IMessage reqMsg, IMessage retMsg)
   在 System.Runtime.Remoting.Proxies.RealProxy.PrivateInvoke(MessageData& msgData, Int32 type)
   在 Wings.Framework.Plugin.Contracts.IPluginServiceCallBack.GetAllPermission()
   在 Wings.Core.Implementation.WebServiceImpl.GetAllAction(Guid WebID) 位置 g:\GitHub\WingsCMS\0\WingsCMS\Wings.Core\Implementation\WebServiceImpl.cs:行号 159
   在 DynamicModule.ns.Wrapped_IWebService_07f469901e03493bb9d5dd65eea886e0.<GetAllAction_DelegateImplementation>__13(IMethodInvocation inputs, GetNextInterceptionBehaviorDelegate getNext)
-----------------------------------------

时间:2014-04-22 12:55:54,330 
级别:ERROR 
类名:Wings.Logger
文件:g:\GitHub\WingsCMS\0\WingsCMS\Wings.Framework\Log\Log.cs 第60行
 [126] 
 日志内容:System.ServiceModel.CommunicationObjectAbortedException: 由于会话通道等待接收消息时超时，因此无法完成操作“GetAllPermission”。要增加超时，请在配置文件绑定上设置 receiveTimeout 属性或直接在 Binding 上设置 ReceiveTimeout 属性。

Server stack trace: 
   在 System.ServiceModel.Channels.ServiceChannel.ThrowIfIdleAborted(ProxyOperationRuntime operation)
   在 System.ServiceModel.Channels.ServiceChannel.Call(String action, Boolean oneway, ProxyOperationRuntime operation, Object[] ins, Object[] outs, TimeSpan timeout)
   在 System.ServiceModel.Channels.ServiceChannelProxy.InvokeService(IMethodCallMessage methodCall, ProxyOperationRuntime operation)
   在 System.ServiceModel.Channels.ServiceChannelProxy.Invoke(IMessage message)

Exception rethrown at [0]: 
   在 System.Runtime.Remoting.Proxies.RealProxy.HandleReturnMessage(IMessage reqMsg, IMessage retMsg)
   在 System.Runtime.Remoting.Proxies.RealProxy.PrivateInvoke(MessageData& msgData, Int32 type)
   在 Wings.Framework.Plugin.Contracts.IPluginServiceCallBack.GetAllPermission()
   在 Wings.Core.Implementation.WebServiceImpl.GetAllAction(Guid WebID) 位置 g:\GitHub\WingsCMS\0\WingsCMS\Wings.Core\Implementation\WebServiceImpl.cs:行号 159
   在 DynamicModule.ns.Wrapped_IWebService_07f469901e03493bb9d5dd65eea886e0.<GetAllAction_DelegateImplementation>__13(IMethodInvocation inputs, GetNextInterceptionBehaviorDelegate getNext)
-----------------------------------------

时间:2014-04-22 17:48:07,940 
级别:ERROR 
类名:Wings.Logger
文件:g:\GitHub\WingsCMS\0\WingsCMS\Wings.Framework\Log\Log.cs 第60行
 [166] 
 日志内容:System.ServiceModel.CommunicationObjectAbortedException: 由于会话通道等待接收消息时超时，因此无法完成操作“GetAllPermission”。要增加超时，请在配置文件绑定上设置 receiveTimeout 属性或直接在 Binding 上设置 ReceiveTimeout 属性。

Server stack trace: 
   在 System.ServiceModel.Channels.ServiceChannel.ThrowIfIdleAborted(ProxyOperationRuntime operation)
   在 System.ServiceModel.Channels.ServiceChannel.Call(String action, Boolean oneway, ProxyOperationRuntime operation, Object[] ins, Object[] outs, TimeSpan timeout)
   在 System.ServiceModel.Channels.ServiceChannelProxy.InvokeService(IMethodCallMessage methodCall, ProxyOperationRuntime operation)
   在 System.ServiceModel.Channels.ServiceChannelProxy.Invoke(IMessage message)

Exception rethrown at [0]: 
   在 System.Runtime.Remoting.Proxies.RealProxy.HandleReturnMessage(IMessage reqMsg, IMessage retMsg)
   在 System.Runtime.Remoting.Proxies.RealProxy.PrivateInvoke(MessageData& msgData, Int32 type)
   在 Wings.Framework.Plugin.Contracts.IPluginServiceCallBack.GetAllPermission()
   在 Wings.Core.Implementation.WebServiceImpl.GetAllAction(Guid WebID) 位置 g:\GitHub\WingsCMS\0\WingsCMS\Wings.Core\Implementation\WebServiceImpl.cs:行号 159
   在 DynamicModule.ns.Wrapped_IWebService_0898255ea9a94e35b196949f38b50be1.<GetAllAction_DelegateImplementation>__13(IMethodInvocation inputs, GetNextInterceptionBehaviorDelegate getNext)
-----------------------------------------

