时间:2014-04-17 11:11:57,966 
级别:ERROR 
类名:Wings.Logger
文件:d:\GitHub\WingsCMS\0\WingsCMS\Wings.Framework\Log\Log.cs 第60行
 [19] 
 日志内容:System.NotSupportedException: 无法创建“Wings.Domain.Model.Role”类型的常量值。此上下文仅支持基元类型或枚举类型。
   在 System.Data.Entity.Core.Objects.ELinq.ExpressionConverter.ConstantTranslator.TypedTranslate(ExpressionConverter parent, ConstantExpression linq)
   在 System.Data.Entity.Core.Objects.ELinq.ExpressionConverter.TypedTranslator`1.Translate(ExpressionConverter parent, Expression linq)
   在 System.Data.Entity.Core.Objects.ELinq.ExpressionConverter.TranslateExpression(Expression linq)
   在 System.Data.Entity.Core.Objects.ELinq.ExpressionConverter.MethodCallTranslator.ContainsTranslator.TranslateContains(ExpressionConverter parent, Expression sourceExpression, Expression valueExpression)
   在 System.Data.Entity.Core.Objects.ELinq.ExpressionConverter.MethodCallTranslator.ContainsTranslator.Translate(ExpressionConverter parent, MethodCallExpression call)
   在 System.Data.Entity.Core.Objects.ELinq.ExpressionConverter.MethodCallTranslator.SequenceMethodTranslator.Translate(ExpressionConverter parent, MethodCallExpression call, SequenceMethod sequenceMethod)
   在 System.Data.Entity.Core.Objects.ELinq.ExpressionConverter.MethodCallTranslator.TypedTranslate(ExpressionConverter parent, MethodCallExpression linq)
   在 System.Data.Entity.Core.Objects.ELinq.ExpressionConverter.TypedTranslator`1.Translate(ExpressionConverter parent, Expression linq)
   在 System.Data.Entity.Core.Objects.ELinq.ExpressionConverter.TranslateExpression(Expression linq)
   在 System.Data.Entity.Core.Objects.ELinq.ExpressionConverter.BinaryTranslator.TypedTranslate(ExpressionConverter parent, BinaryExpression linq)
   在 System.Data.Entity.Core.Objects.ELinq.ExpressionConverter.TypedTranslator`1.Translate(ExpressionConverter parent, Expression linq)
   在 System.Data.Entity.Core.Objects.ELinq.ExpressionConverter.TranslateExpression(Expression linq)
   在 System.Data.Entity.Core.Objects.ELinq.ExpressionConverter.BinaryTranslator.TypedTranslate(ExpressionConverter parent, BinaryExpression linq)
   在 System.Data.Entity.Core.Objects.ELinq.ExpressionConverter.TypedTranslator`1.Translate(ExpressionConverter parent, Expression linq)
   在 System.Data.Entity.Core.Objects.ELinq.ExpressionConverter.TranslateExpression(Expression linq)
   在 System.Data.Entity.Core.Objects.ELinq.ExpressionConverter.TranslateLambda(LambdaExpression lambda, DbExpression input)
   在 System.Data.Entity.Core.Objects.ELinq.ExpressionConverter.TranslateLambda(LambdaExpression lambda, DbExpression input, DbExpressionBinding& binding)
   在 System.Data.Entity.Core.Objects.ELinq.ExpressionConverter.MethodCallTranslator.OneLambdaTranslator.Translate(ExpressionConverter parent, MethodCallExpression call, DbExpression& source, DbExpressionBinding& sourceBinding, DbExpression& lambda)
   在 System.Data.Entity.Core.Objects.ELinq.ExpressionConverter.MethodCallTranslator.OneLambdaTranslator.Translate(ExpressionConverter parent, MethodCallExpression call)
   在 System.Data.Entity.Core.Objects.ELinq.ExpressionConverter.MethodCallTranslator.SequenceMethodTranslator.Translate(ExpressionConverter parent, MethodCallExpression call, SequenceMethod sequenceMethod)
   在 System.Data.Entity.Core.Objects.ELinq.ExpressionConverter.MethodCallTranslator.TypedTranslate(ExpressionConverter parent, MethodCallExpression linq)
   在 System.Data.Entity.Core.Objects.ELinq.ExpressionConverter.TypedTranslator`1.Translate(ExpressionConverter parent, Expression linq)
   在 System.Data.Entity.Core.Objects.ELinq.ExpressionConverter.TranslateExpression(Expression linq)
   在 System.Data.Entity.Core.Objects.ELinq.ExpressionConverter.Convert()
   在 System.Data.Entity.Core.Objects.ELinq.ELinqQueryState.GetExecutionPlan(Nullable`1 forMergeOption)
   在 System.Data.Entity.Core.Objects.ObjectQuery`1.<>c__DisplayClass7.<GetResults>b__6()
   在 System.Data.Entity.Core.Objects.ObjectContext.ExecuteInTransaction[T](Func`1 func, IDbExecutionStrategy executionStrategy, Boolean startLocalTransaction, Boolean releaseConnectionOnSuccess)
   在 System.Data.Entity.Core.Objects.ObjectQuery`1.<>c__DisplayClass7.<GetResults>b__5()
   在 System.Data.Entity.SqlServer.DefaultSqlExecutionStrategy.Execute[TResult](Func`1 operation)
   在 System.Data.Entity.Core.Objects.ObjectQuery`1.GetResults(Nullable`1 forMergeOption)
   在 System.Data.Entity.Core.Objects.ObjectQuery`1.<System.Collections.Generic.IEnumerable<T>.GetEnumerator>b__0()
   在 System.Data.Entity.Internal.LazyEnumerator`1.MoveNext()
   在 System.Collections.Generic.List`1..ctor(IEnumerable`1 collection)
   在 System.Linq.Enumerable.ToList[TSource](IEnumerable`1 source)
   在 Wings.Domain.Repositories.EntityFramework.EntityFrameworkRepository`1.DoFindAll(ISpecification`1 specification, Expression`1 sortPredicate, SortOrder sortOrder) 位置 d:\GitHub\WingsCMS\0\WingsCMS\Wings.Domain.Repositories\EntityFramework\BaseRepository\EntityFrameworkRepository.cs:行号 107
   在 Wings.Domain.Repositories.EntityFramework.EntityFrameworkRepository`1.DoGetAll(ISpecification`1 specification, Expression`1 sortPredicate, SortOrder sortOrder) 位置 d:\GitHub\WingsCMS\0\WingsCMS\Wings.Domain.Repositories\EntityFramework\BaseRepository\EntityFrameworkRepository.cs:行号 73
   在 Wings.Domain.Repositories.Repository`1.DoGetAll(ISpecification`1 specification) 位置 d:\GitHub\WingsCMS\0\WingsCMS\Wings.Domain\Repositories\Repository.cs:行号 87
   在 Wings.Domain.Repositories.Repository`1.GetAll(ISpecification`1 specification) 位置 d:\GitHub\WingsCMS\0\WingsCMS\Wings.Domain\Repositories\Repository.cs:行号 393
   在 Wings.Core.Implementation.UserServiceImpl.AssignRolePermission(Guid roleid, Guid webid, List`1 moduleids) 位置 d:\GitHub\WingsCMS\0\WingsCMS\Wings.Core\Implementation\UserServiceImpl.cs:行号 482
   在 DynamicModule.ns.Wrapped_IUserService_a95f4bca6a30450c8e06f098ba494c7b.<AssignRolePermission_DelegateImplementation>__14(IMethodInvocation inputs, GetNextInterceptionBehaviorDelegate getNext)
-----------------------------------------

时间:2014-04-17 11:27:28,223 
级别:ERROR 
类名:Wings.Logger
文件:d:\GitHub\WingsCMS\0\WingsCMS\Wings.Framework\Log\Log.cs 第60行
 [11] 
 日志内容:System.Data.Entity.Infrastructure.DbUpdateException: 在保存不公开其关系的外键属性的实体时出错。EntityEntries 属性将返回 null，因为单个实体无法标识为异常的源。通过在实体类型中公开外键属性，可以更加轻松地在保存时处理异常。有关详细信息，请参阅 InnerException。 ---> System.Data.Entity.Core.UpdateException: 更新条目时出错。有关详细信息，请参阅内部异常。 ---> System.Data.SqlClient.SqlException: 违反了 PRIMARY KEY 约束“PK_dbo.RolePermission”。不能在对象“dbo.RolePermission”中插入重复键。重复键值为 (9755eaa6-43b9-e311-bee7-d067e50a7f1d, 449ee401-40c5-e311-bef7-d067e50a7f1d)。
语句已终止。
   在 System.Data.SqlClient.SqlConnection.OnError(SqlException exception, Boolean breakConnection, Action`1 wrapCloseInAction)
   在 System.Data.SqlClient.SqlInternalConnection.OnError(SqlException exception, Boolean breakConnection, Action`1 wrapCloseInAction)
   在 System.Data.SqlClient.TdsParser.ThrowExceptionAndWarning(TdsParserStateObject stateObj, Boolean callerHasConnectionLock, Boolean asyncClose)
   在 System.Data.SqlClient.TdsParser.TryRun(RunBehavior runBehavior, SqlCommand cmdHandler, SqlDataReader dataStream, BulkCopySimpleResultSet bulkCopyHandler, TdsParserStateObject stateObj, Boolean& dataReady)
   在 System.Data.SqlClient.SqlCommand.FinishExecuteReader(SqlDataReader ds, RunBehavior runBehavior, String resetOptionsString)
   在 System.Data.SqlClient.SqlCommand.RunExecuteReaderTds(CommandBehavior cmdBehavior, RunBehavior runBehavior, Boolean returnStream, Boolean async, Int32 timeout, Task& task, Boolean asyncWrite)
   在 System.Data.SqlClient.SqlCommand.RunExecuteReader(CommandBehavior cmdBehavior, RunBehavior runBehavior, Boolean returnStream, String method, TaskCompletionSource`1 completion, Int32 timeout, Task& task, Boolean asyncWrite)
   在 System.Data.SqlClient.SqlCommand.InternalExecuteNonQuery(TaskCompletionSource`1 completion, String methodName, Boolean sendToPipe, Int32 timeout, Boolean asyncWrite)
   在 System.Data.SqlClient.SqlCommand.ExecuteNonQuery()
   在 System.Data.Entity.Infrastructure.Interception.DbCommandDispatcher.<NonQuery>b__0(DbCommand t, DbCommandInterceptionContext`1 c)
   在 System.Data.Entity.Infrastructure.Interception.InternalDispatcher`1.Dispatch[TTarget,TInterceptionContext,TResult](TTarget target, Func`3 operation, TInterceptionContext interceptionContext, Action`3 executing, Action`3 executed)
   在 System.Data.Entity.Infrastructure.Interception.DbCommandDispatcher.NonQuery(DbCommand command, DbCommandInterceptionContext interceptionContext)
   在 System.Data.Entity.Internal.InterceptableDbCommand.ExecuteNonQuery()
   在 System.Data.Entity.Core.Mapping.Update.Internal.DynamicUpdateCommand.Execute(Dictionary`2 identifierValues, List`1 generatedValues)
   在 System.Data.Entity.Core.Mapping.Update.Internal.UpdateTranslator.Update()
   --- 内部异常堆栈跟踪的结尾 ---
   在 System.Data.Entity.Core.Mapping.Update.Internal.UpdateTranslator.Update()
   在 System.Data.Entity.Core.EntityClient.Internal.EntityAdapter.<Update>b__2(UpdateTranslator ut)
   在 System.Data.Entity.Core.EntityClient.Internal.EntityAdapter.Update[T](T noChangesResult, Func`2 updateFunction)
   在 System.Data.Entity.Core.EntityClient.Internal.EntityAdapter.Update()
   在 System.Data.Entity.Core.Objects.ObjectContext.<SaveChangesToStore>b__35()
   在 System.Data.Entity.Core.Objects.ObjectContext.ExecuteInTransaction[T](Func`1 func, IDbExecutionStrategy executionStrategy, Boolean startLocalTransaction, Boolean releaseConnectionOnSuccess)
   在 System.Data.Entity.Core.Objects.ObjectContext.SaveChangesToStore(SaveOptions options, IDbExecutionStrategy executionStrategy, Boolean startLocalTransaction)
   在 System.Data.Entity.Core.Objects.ObjectContext.<>c__DisplayClass2a.<SaveChangesInternal>b__27()
   在 System.Data.Entity.SqlServer.DefaultSqlExecutionStrategy.Execute[TResult](Func`1 operation)
   在 System.Data.Entity.Core.Objects.ObjectContext.SaveChangesInternal(SaveOptions options, Boolean executeInExistingTransaction)
   在 System.Data.Entity.Core.Objects.ObjectContext.SaveChanges(SaveOptions options)
   在 System.Data.Entity.Internal.InternalContext.SaveChanges()
   --- 内部异常堆栈跟踪的结尾 ---
   在 System.Data.Entity.Internal.InternalContext.SaveChanges()
   在 System.Data.Entity.Internal.LazyInternalContext.SaveChanges()
   在 System.Data.Entity.DbContext.SaveChanges()
   在 Wings.Domain.Repositories.EntityFramework.EntityFrameworkRepositoryContext.DoCommit() 位置 d:\GitHub\WingsCMS\0\WingsCMS\Wings.Domain.Repositories\EntityFramework\BaseRepository\EntityFrameworkRepositoryContext.cs:行号 50
   在 Wings.Domain.Repositories.RepositoryContext.Commit() 位置 d:\GitHub\WingsCMS\0\WingsCMS\Wings.Domain\Repositories\RepositoryContext.cs:行号 172
   在 Wings.Core.Implementation.UserServiceImpl.AssignRolePermission(Guid roleid, Guid webid, List`1 moduleids) 位置 d:\GitHub\WingsCMS\0\WingsCMS\Wings.Core\Implementation\UserServiceImpl.cs:行号 489
   在 DynamicModule.ns.Wrapped_IUserService_f984ba58a58a470e9fe055a9e98fec68.<AssignRolePermission_DelegateImplementation>__14(IMethodInvocation inputs, GetNextInterceptionBehaviorDelegate getNext)
-----------------------------------------

时间:2014-04-17 11:27:37,412 
级别:ERROR 
类名:Wings.Logger
文件:d:\GitHub\WingsCMS\0\WingsCMS\Wings.Framework\Log\Log.cs 第60行
 [18] 
 日志内容:System.Data.Entity.Infrastructure.DbUpdateException: 在保存不公开其关系的外键属性的实体时出错。EntityEntries 属性将返回 null，因为单个实体无法标识为异常的源。通过在实体类型中公开外键属性，可以更加轻松地在保存时处理异常。有关详细信息，请参阅 InnerException。 ---> System.Data.Entity.Core.UpdateException: 更新条目时出错。有关详细信息，请参阅内部异常。 ---> System.Data.SqlClient.SqlException: 违反了 PRIMARY KEY 约束“PK_dbo.RolePermission”。不能在对象“dbo.RolePermission”中插入重复键。重复键值为 (9755eaa6-43b9-e311-bee7-d067e50a7f1d, 449ee401-40c5-e311-bef7-d067e50a7f1d)。
语句已终止。
   在 System.Data.SqlClient.SqlConnection.OnError(SqlException exception, Boolean breakConnection, Action`1 wrapCloseInAction)
   在 System.Data.SqlClient.SqlInternalConnection.OnError(SqlException exception, Boolean breakConnection, Action`1 wrapCloseInAction)
   在 System.Data.SqlClient.TdsParser.ThrowExceptionAndWarning(TdsParserStateObject stateObj, Boolean callerHasConnectionLock, Boolean asyncClose)
   在 System.Data.SqlClient.TdsParser.TryRun(RunBehavior runBehavior, SqlCommand cmdHandler, SqlDataReader dataStream, BulkCopySimpleResultSet bulkCopyHandler, TdsParserStateObject stateObj, Boolean& dataReady)
   在 System.Data.SqlClient.SqlCommand.FinishExecuteReader(SqlDataReader ds, RunBehavior runBehavior, String resetOptionsString)
   在 System.Data.SqlClient.SqlCommand.RunExecuteReaderTds(CommandBehavior cmdBehavior, RunBehavior runBehavior, Boolean returnStream, Boolean async, Int32 timeout, Task& task, Boolean asyncWrite)
   在 System.Data.SqlClient.SqlCommand.RunExecuteReader(CommandBehavior cmdBehavior, RunBehavior runBehavior, Boolean returnStream, String method, TaskCompletionSource`1 completion, Int32 timeout, Task& task, Boolean asyncWrite)
   在 System.Data.SqlClient.SqlCommand.InternalExecuteNonQuery(TaskCompletionSource`1 completion, String methodName, Boolean sendToPipe, Int32 timeout, Boolean asyncWrite)
   在 System.Data.SqlClient.SqlCommand.ExecuteNonQuery()
   在 System.Data.Entity.Infrastructure.Interception.DbCommandDispatcher.<NonQuery>b__0(DbCommand t, DbCommandInterceptionContext`1 c)
   在 System.Data.Entity.Infrastructure.Interception.InternalDispatcher`1.Dispatch[TTarget,TInterceptionContext,TResult](TTarget target, Func`3 operation, TInterceptionContext interceptionContext, Action`3 executing, Action`3 executed)
   在 System.Data.Entity.Infrastructure.Interception.DbCommandDispatcher.NonQuery(DbCommand command, DbCommandInterceptionContext interceptionContext)
   在 System.Data.Entity.Internal.InterceptableDbCommand.ExecuteNonQuery()
   在 System.Data.Entity.Core.Mapping.Update.Internal.DynamicUpdateCommand.Execute(Dictionary`2 identifierValues, List`1 generatedValues)
   在 System.Data.Entity.Core.Mapping.Update.Internal.UpdateTranslator.Update()
   --- 内部异常堆栈跟踪的结尾 ---
   在 System.Data.Entity.Core.Mapping.Update.Internal.UpdateTranslator.Update()
   在 System.Data.Entity.Core.EntityClient.Internal.EntityAdapter.<Update>b__2(UpdateTranslator ut)
   在 System.Data.Entity.Core.EntityClient.Internal.EntityAdapter.Update[T](T noChangesResult, Func`2 updateFunction)
   在 System.Data.Entity.Core.EntityClient.Internal.EntityAdapter.Update()
   在 System.Data.Entity.Core.Objects.ObjectContext.<SaveChangesToStore>b__35()
   在 System.Data.Entity.Core.Objects.ObjectContext.ExecuteInTransaction[T](Func`1 func, IDbExecutionStrategy executionStrategy, Boolean startLocalTransaction, Boolean releaseConnectionOnSuccess)
   在 System.Data.Entity.Core.Objects.ObjectContext.SaveChangesToStore(SaveOptions options, IDbExecutionStrategy executionStrategy, Boolean startLocalTransaction)
   在 System.Data.Entity.Core.Objects.ObjectContext.<>c__DisplayClass2a.<SaveChangesInternal>b__27()
   在 System.Data.Entity.SqlServer.DefaultSqlExecutionStrategy.Execute[TResult](Func`1 operation)
   在 System.Data.Entity.Core.Objects.ObjectContext.SaveChangesInternal(SaveOptions options, Boolean executeInExistingTransaction)
   在 System.Data.Entity.Core.Objects.ObjectContext.SaveChanges(SaveOptions options)
   在 System.Data.Entity.Internal.InternalContext.SaveChanges()
   --- 内部异常堆栈跟踪的结尾 ---
   在 System.Data.Entity.Internal.InternalContext.SaveChanges()
   在 System.Data.Entity.Internal.LazyInternalContext.SaveChanges()
   在 System.Data.Entity.DbContext.SaveChanges()
   在 Wings.Domain.Repositories.EntityFramework.EntityFrameworkRepositoryContext.DoCommit() 位置 d:\GitHub\WingsCMS\0\WingsCMS\Wings.Domain.Repositories\EntityFramework\BaseRepository\EntityFrameworkRepositoryContext.cs:行号 50
   在 Wings.Domain.Repositories.RepositoryContext.Commit() 位置 d:\GitHub\WingsCMS\0\WingsCMS\Wings.Domain\Repositories\RepositoryContext.cs:行号 172
   在 Wings.Core.Implementation.UserServiceImpl.AssignRolePermission(Guid roleid, Guid webid, List`1 moduleids) 位置 d:\GitHub\WingsCMS\0\WingsCMS\Wings.Core\Implementation\UserServiceImpl.cs:行号 489
   在 DynamicModule.ns.Wrapped_IUserService_f984ba58a58a470e9fe055a9e98fec68.<AssignRolePermission_DelegateImplementation>__14(IMethodInvocation inputs, GetNextInterceptionBehaviorDelegate getNext)
-----------------------------------------

时间:2014-04-17 11:48:02,569 
级别:ERROR 
类名:Wings.Logger
文件:d:\GitHub\WingsCMS\0\WingsCMS\Wings.Framework\Log\Log.cs 第60行
 [5] 
 日志内容:System.NotSupportedException: 无法创建“System.Object”类型的常量值。此上下文仅支持基元类型或枚举类型。
   在 System.Data.Entity.Core.Objects.ELinq.ExpressionConverter.ConstantTranslator.TypedTranslate(ExpressionConverter parent, ConstantExpression linq)
   在 System.Data.Entity.Core.Objects.ELinq.ExpressionConverter.TypedTranslator`1.Translate(ExpressionConverter parent, Expression linq)
   在 System.Data.Entity.Core.Objects.ELinq.ExpressionConverter.TranslateExpression(Expression linq)
   在 System.Data.Entity.Core.Objects.ELinq.ExpressionConverter.EqualsTranslator.TypedTranslate(ExpressionConverter parent, BinaryExpression linq)
   在 System.Data.Entity.Core.Objects.ELinq.ExpressionConverter.TypedTranslator`1.Translate(ExpressionConverter parent, Expression linq)
   在 System.Data.Entity.Core.Objects.ELinq.ExpressionConverter.TranslateExpression(Expression linq)
   在 System.Data.Entity.Core.Objects.ELinq.ExpressionConverter.BitwiseBinaryTranslator.TypedTranslate(ExpressionConverter parent, BinaryExpression linq)
   在 System.Data.Entity.Core.Objects.ELinq.ExpressionConverter.TypedTranslator`1.Translate(ExpressionConverter parent, Expression linq)
   在 System.Data.Entity.Core.Objects.ELinq.ExpressionConverter.TranslateExpression(Expression linq)
   在 System.Data.Entity.Core.Objects.ELinq.ExpressionConverter.TranslateLambda(LambdaExpression lambda, DbExpression input)
   在 System.Data.Entity.Core.Objects.ELinq.ExpressionConverter.TranslateLambda(LambdaExpression lambda, DbExpression input, DbExpressionBinding& binding)
   在 System.Data.Entity.Core.Objects.ELinq.ExpressionConverter.MethodCallTranslator.OneLambdaTranslator.Translate(ExpressionConverter parent, MethodCallExpression call, DbExpression& source, DbExpressionBinding& sourceBinding, DbExpression& lambda)
   在 System.Data.Entity.Core.Objects.ELinq.ExpressionConverter.MethodCallTranslator.OneLambdaTranslator.Translate(ExpressionConverter parent, MethodCallExpression call)
   在 System.Data.Entity.Core.Objects.ELinq.ExpressionConverter.MethodCallTranslator.SequenceMethodTranslator.Translate(ExpressionConverter parent, MethodCallExpression call, SequenceMethod sequenceMethod)
   在 System.Data.Entity.Core.Objects.ELinq.ExpressionConverter.MethodCallTranslator.TypedTranslate(ExpressionConverter parent, MethodCallExpression linq)
   在 System.Data.Entity.Core.Objects.ELinq.ExpressionConverter.TypedTranslator`1.Translate(ExpressionConverter parent, Expression linq)
   在 System.Data.Entity.Core.Objects.ELinq.ExpressionConverter.TranslateExpression(Expression linq)
   在 System.Data.Entity.Core.Objects.ELinq.ExpressionConverter.Convert()
   在 System.Data.Entity.Core.Objects.ELinq.ELinqQueryState.GetExecutionPlan(Nullable`1 forMergeOption)
   在 System.Data.Entity.Core.Objects.ObjectQuery`1.<>c__DisplayClass7.<GetResults>b__6()
   在 System.Data.Entity.Core.Objects.ObjectContext.ExecuteInTransaction[T](Func`1 func, IDbExecutionStrategy executionStrategy, Boolean startLocalTransaction, Boolean releaseConnectionOnSuccess)
   在 System.Data.Entity.Core.Objects.ObjectQuery`1.<>c__DisplayClass7.<GetResults>b__5()
   在 System.Data.Entity.SqlServer.DefaultSqlExecutionStrategy.Execute[TResult](Func`1 operation)
   在 System.Data.Entity.Core.Objects.ObjectQuery`1.GetResults(Nullable`1 forMergeOption)
   在 System.Data.Entity.Core.Objects.ObjectQuery`1.<System.Collections.Generic.IEnumerable<T>.GetEnumerator>b__0()
   在 System.Data.Entity.Internal.LazyEnumerator`1.MoveNext()
   在 System.Collections.Generic.List`1..ctor(IEnumerable`1 collection)
   在 System.Linq.Enumerable.ToList[TSource](IEnumerable`1 source)
   在 Wings.Domain.Repositories.EntityFramework.EntityFrameworkRepository`1.DoFindAll(ISpecification`1 specification, Expression`1 sortPredicate, SortOrder sortOrder) 位置 d:\GitHub\WingsCMS\0\WingsCMS\Wings.Domain.Repositories\EntityFramework\BaseRepository\EntityFrameworkRepository.cs:行号 107
   在 Wings.Domain.Repositories.EntityFramework.EntityFrameworkRepository`1.DoGetAll(ISpecification`1 specification, Expression`1 sortPredicate, SortOrder sortOrder) 位置 d:\GitHub\WingsCMS\0\WingsCMS\Wings.Domain.Repositories\EntityFramework\BaseRepository\EntityFrameworkRepository.cs:行号 73
   在 Wings.Domain.Repositories.Repository`1.DoGetAll(ISpecification`1 specification) 位置 d:\GitHub\WingsCMS\0\WingsCMS\Wings.Domain\Repositories\Repository.cs:行号 87
   在 Wings.Domain.Repositories.Repository`1.GetAll(ISpecification`1 specification) 位置 d:\GitHub\WingsCMS\0\WingsCMS\Wings.Domain\Repositories\Repository.cs:行号 393
   在 Wings.Core.Implementation.UserServiceImpl.GetRolePermissionIDS(Guid roleid, Guid webid) 位置 d:\GitHub\WingsCMS\0\WingsCMS\Wings.Core\Implementation\UserServiceImpl.cs:行号 497
   在 DynamicModule.ns.Wrapped_IUserService_a3e881a6c50d432ab7f9f9d425d0e5f9.<GetRolePermissionIDS_DelegateImplementation>__15(IMethodInvocation inputs, GetNextInterceptionBehaviorDelegate getNext)
-----------------------------------------

时间:2014-04-17 12:03:07,974 
级别:ERROR 
类名:Wings.Logger
文件:d:\GitHub\WingsCMS\0\WingsCMS\Wings.Framework\Log\Log.cs 第60行
 [13] 
 日志内容:System.NotSupportedException: 无法创建“Wings.Domain.Model.Role”类型的常量值。此上下文仅支持基元类型或枚举类型。
   在 System.Data.Entity.Core.Objects.ELinq.ExpressionConverter.ConstantTranslator.TypedTranslate(ExpressionConverter parent, ConstantExpression linq)
   在 System.Data.Entity.Core.Objects.ELinq.ExpressionConverter.TypedTranslator`1.Translate(ExpressionConverter parent, Expression linq)
   在 System.Data.Entity.Core.Objects.ELinq.ExpressionConverter.TranslateExpression(Expression linq)
   在 System.Data.Entity.Core.Objects.ELinq.ExpressionConverter.MethodCallTranslator.ContainsTranslator.TranslateContains(ExpressionConverter parent, Expression sourceExpression, Expression valueExpression)
   在 System.Data.Entity.Core.Objects.ELinq.ExpressionConverter.MethodCallTranslator.ContainsTranslator.Translate(ExpressionConverter parent, MethodCallExpression call)
   在 System.Data.Entity.Core.Objects.ELinq.ExpressionConverter.MethodCallTranslator.SequenceMethodTranslator.Translate(ExpressionConverter parent, MethodCallExpression call, SequenceMethod sequenceMethod)
   在 System.Data.Entity.Core.Objects.ELinq.ExpressionConverter.MethodCallTranslator.TypedTranslate(ExpressionConverter parent, MethodCallExpression linq)
   在 System.Data.Entity.Core.Objects.ELinq.ExpressionConverter.TypedTranslator`1.Translate(ExpressionConverter parent, Expression linq)
   在 System.Data.Entity.Core.Objects.ELinq.ExpressionConverter.TranslateExpression(Expression linq)
   在 System.Data.Entity.Core.Objects.ELinq.ExpressionConverter.BitwiseBinaryTranslator.TypedTranslate(ExpressionConverter parent, BinaryExpression linq)
   在 System.Data.Entity.Core.Objects.ELinq.ExpressionConverter.TypedTranslator`1.Translate(ExpressionConverter parent, Expression linq)
   在 System.Data.Entity.Core.Objects.ELinq.ExpressionConverter.TranslateExpression(Expression linq)
   在 System.Data.Entity.Core.Objects.ELinq.ExpressionConverter.TranslateLambda(LambdaExpression lambda, DbExpression input)
   在 System.Data.Entity.Core.Objects.ELinq.ExpressionConverter.TranslateLambda(LambdaExpression lambda, DbExpression input, DbExpressionBinding& binding)
   在 System.Data.Entity.Core.Objects.ELinq.ExpressionConverter.MethodCallTranslator.OneLambdaTranslator.Translate(ExpressionConverter parent, MethodCallExpression call, DbExpression& source, DbExpressionBinding& sourceBinding, DbExpression& lambda)
   在 System.Data.Entity.Core.Objects.ELinq.ExpressionConverter.MethodCallTranslator.OneLambdaTranslator.Translate(ExpressionConverter parent, MethodCallExpression call)
   在 System.Data.Entity.Core.Objects.ELinq.ExpressionConverter.MethodCallTranslator.SequenceMethodTranslator.Translate(ExpressionConverter parent, MethodCallExpression call, SequenceMethod sequenceMethod)
   在 System.Data.Entity.Core.Objects.ELinq.ExpressionConverter.MethodCallTranslator.TypedTranslate(ExpressionConverter parent, MethodCallExpression linq)
   在 System.Data.Entity.Core.Objects.ELinq.ExpressionConverter.TypedTranslator`1.Translate(ExpressionConverter parent, Expression linq)
   在 System.Data.Entity.Core.Objects.ELinq.ExpressionConverter.TranslateExpression(Expression linq)
   在 System.Data.Entity.Core.Objects.ELinq.ExpressionConverter.Convert()
   在 System.Data.Entity.Core.Objects.ELinq.ELinqQueryState.GetExecutionPlan(Nullable`1 forMergeOption)
   在 System.Data.Entity.Core.Objects.ObjectQuery`1.<>c__DisplayClass7.<GetResults>b__6()
   在 System.Data.Entity.Core.Objects.ObjectContext.ExecuteInTransaction[T](Func`1 func, IDbExecutionStrategy executionStrategy, Boolean startLocalTransaction, Boolean releaseConnectionOnSuccess)
   在 System.Data.Entity.Core.Objects.ObjectQuery`1.<>c__DisplayClass7.<GetResults>b__5()
   在 System.Data.Entity.SqlServer.DefaultSqlExecutionStrategy.Execute[TResult](Func`1 operation)
   在 System.Data.Entity.Core.Objects.ObjectQuery`1.GetResults(Nullable`1 forMergeOption)
   在 System.Data.Entity.Core.Objects.ObjectQuery`1.<System.Collections.Generic.IEnumerable<T>.GetEnumerator>b__0()
   在 System.Data.Entity.Internal.LazyEnumerator`1.MoveNext()
   在 System.Collections.Generic.List`1..ctor(IEnumerable`1 collection)
   在 System.Linq.Enumerable.ToList[TSource](IEnumerable`1 source)
   在 Wings.Domain.Repositories.EntityFramework.EntityFrameworkRepository`1.DoFindAll(ISpecification`1 specification, Expression`1 sortPredicate, SortOrder sortOrder) 位置 d:\GitHub\WingsCMS\0\WingsCMS\Wings.Domain.Repositories\EntityFramework\BaseRepository\EntityFrameworkRepository.cs:行号 107
   在 Wings.Domain.Repositories.Repository`1.DoFindAll(ISpecification`1 specification) 位置 d:\GitHub\WingsCMS\0\WingsCMS\Wings.Domain\Repositories\Repository.cs:行号 213
   在 Wings.Domain.Repositories.Repository`1.FindAll(ISpecification`1 specification) 位置 d:\GitHub\WingsCMS\0\WingsCMS\Wings.Domain\Repositories\Repository.cs:行号 487
   在 Wings.Core.Implementation.UserServiceImpl.GetRolePermissionIDS(Guid roleid, Guid webid) 位置 d:\GitHub\WingsCMS\0\WingsCMS\Wings.Core\Implementation\UserServiceImpl.cs:行号 497
   在 DynamicModule.ns.Wrapped_IUserService_371805c822f246ed98f483451a9ea1b7.<GetRolePermissionIDS_DelegateImplementation>__15(IMethodInvocation inputs, GetNextInterceptionBehaviorDelegate getNext)
-----------------------------------------

