时间:2014-04-24 15:46:09,568 
级别:ERROR 
类名:Wings.Logger
文件:g:\GitHub\WingsCMS\0\WingsCMS\Wings.Framework\Log\Log.cs 第60行
 [39] 
 日志内容:System.ServiceModel.CommunicationObjectAbortedException: 由于会话通道等待接收消息时超时，因此无法完成操作“GetAllPermission”。要增加超时，请在配置文件绑定上设置 receiveTimeout 属性或直接在 Binding 上设置 ReceiveTimeout 属性。

Server stack trace: 
   在 System.ServiceModel.Channels.ServiceChannel.ThrowIfIdleAborted(ProxyOperationRuntime operation)
   在 System.ServiceModel.Channels.ServiceChannel.Call(String action, Boolean oneway, ProxyOperationRuntime operation, Object[] ins, Object[] outs, TimeSpan timeout)
   在 System.ServiceModel.Channels.ServiceChannelProxy.InvokeService(IMethodCallMessage methodCall, ProxyOperationRuntime operation)
   在 System.ServiceModel.Channels.ServiceChannelProxy.Invoke(IMessage message)

Exception rethrown at [0]: 
   在 System.Runtime.Remoting.Proxies.RealProxy.HandleReturnMessage(IMessage reqMsg, IMessage retMsg)
   在 System.Runtime.Remoting.Proxies.RealProxy.PrivateInvoke(MessageData& msgData, Int32 type)
   在 Wings.Framework.Plugin.Contracts.IPluginServiceCallBack.GetAllPermission()
   在 Wings.Core.Implementation.WebServiceImpl.GetAllAction(Guid WebID) 位置 g:\GitHub\WingsCMS\0\WingsCMS\Wings.Core\Implementation\WebServiceImpl.cs:行号 159
   在 DynamicModule.ns.Wrapped_IWebService_12a14064b19c4ceba88ce7fea26f192c.<GetAllAction_DelegateImplementation>__13(IMethodInvocation inputs, GetNextInterceptionBehaviorDelegate getNext)
-----------------------------------------

时间:2014-04-24 15:54:39,172 
级别:ERROR 
类名:Wings.Logger
文件:g:\GitHub\WingsCMS\0\WingsCMS\Wings.Framework\Log\Log.cs 第60行
 [78] 
 日志内容:System.ServiceModel.CommunicationObjectAbortedException: 由于会话通道等待接收消息时超时，因此无法完成操作“GetAllPermission”。要增加超时，请在配置文件绑定上设置 receiveTimeout 属性或直接在 Binding 上设置 ReceiveTimeout 属性。

Server stack trace: 
   在 System.ServiceModel.Channels.ServiceChannel.ThrowIfIdleAborted(ProxyOperationRuntime operation)
   在 System.ServiceModel.Channels.ServiceChannel.Call(String action, Boolean oneway, ProxyOperationRuntime operation, Object[] ins, Object[] outs, TimeSpan timeout)
   在 System.ServiceModel.Channels.ServiceChannelProxy.InvokeService(IMethodCallMessage methodCall, ProxyOperationRuntime operation)
   在 System.ServiceModel.Channels.ServiceChannelProxy.Invoke(IMessage message)

Exception rethrown at [0]: 
   在 System.Runtime.Remoting.Proxies.RealProxy.HandleReturnMessage(IMessage reqMsg, IMessage retMsg)
   在 System.Runtime.Remoting.Proxies.RealProxy.PrivateInvoke(MessageData& msgData, Int32 type)
   在 Wings.Framework.Plugin.Contracts.IPluginServiceCallBack.GetAllPermission()
   在 Wings.Core.Implementation.WebServiceImpl.GetAllAction(Guid WebID) 位置 g:\GitHub\WingsCMS\0\WingsCMS\Wings.Core\Implementation\WebServiceImpl.cs:行号 159
   在 DynamicModule.ns.Wrapped_IWebService_12a14064b19c4ceba88ce7fea26f192c.<GetAllAction_DelegateImplementation>__13(IMethodInvocation inputs, GetNextInterceptionBehaviorDelegate getNext)
-----------------------------------------

时间:2014-04-24 15:58:16,452 
级别:ERROR 
类名:Wings.Logger
文件:g:\GitHub\WingsCMS\0\WingsCMS\Wings.Framework\Log\Log.cs 第60行
 [78] 
 日志内容:System.ServiceModel.CommunicationObjectAbortedException: 由于会话通道等待接收消息时超时，因此无法完成操作“GetAllPermission”。要增加超时，请在配置文件绑定上设置 receiveTimeout 属性或直接在 Binding 上设置 ReceiveTimeout 属性。

Server stack trace: 
   在 System.ServiceModel.Channels.ServiceChannel.ThrowIfIdleAborted(ProxyOperationRuntime operation)
   在 System.ServiceModel.Channels.ServiceChannel.Call(String action, Boolean oneway, ProxyOperationRuntime operation, Object[] ins, Object[] outs, TimeSpan timeout)
   在 System.ServiceModel.Channels.ServiceChannelProxy.InvokeService(IMethodCallMessage methodCall, ProxyOperationRuntime operation)
   在 System.ServiceModel.Channels.ServiceChannelProxy.Invoke(IMessage message)

Exception rethrown at [0]: 
   在 System.Runtime.Remoting.Proxies.RealProxy.HandleReturnMessage(IMessage reqMsg, IMessage retMsg)
   在 System.Runtime.Remoting.Proxies.RealProxy.PrivateInvoke(MessageData& msgData, Int32 type)
   在 Wings.Framework.Plugin.Contracts.IPluginServiceCallBack.GetAllPermission()
   在 Wings.Core.Implementation.WebServiceImpl.GetAllAction(Guid WebID) 位置 g:\GitHub\WingsCMS\0\WingsCMS\Wings.Core\Implementation\WebServiceImpl.cs:行号 159
   在 DynamicModule.ns.Wrapped_IWebService_12a14064b19c4ceba88ce7fea26f192c.<GetAllAction_DelegateImplementation>__13(IMethodInvocation inputs, GetNextInterceptionBehaviorDelegate getNext)
-----------------------------------------

时间:2014-04-24 17:22:56,135 
级别:ERROR 
类名:Wings.Logger
文件:g:\GitHub\WingsCMS\0\WingsCMS\Wings.Framework\Log\Log.cs 第60行
 [80] 
 日志内容:System.ServiceModel.CommunicationObjectAbortedException: 由于会话通道等待接收消息时超时，因此无法完成操作“GetAllPermission”。要增加超时，请在配置文件绑定上设置 receiveTimeout 属性或直接在 Binding 上设置 ReceiveTimeout 属性。

Server stack trace: 
   在 System.ServiceModel.Channels.ServiceChannel.ThrowIfIdleAborted(ProxyOperationRuntime operation)
   在 System.ServiceModel.Channels.ServiceChannel.Call(String action, Boolean oneway, ProxyOperationRuntime operation, Object[] ins, Object[] outs, TimeSpan timeout)
   在 System.ServiceModel.Channels.ServiceChannelProxy.InvokeService(IMethodCallMessage methodCall, ProxyOperationRuntime operation)
   在 System.ServiceModel.Channels.ServiceChannelProxy.Invoke(IMessage message)

Exception rethrown at [0]: 
   在 System.Runtime.Remoting.Proxies.RealProxy.HandleReturnMessage(IMessage reqMsg, IMessage retMsg)
   在 System.Runtime.Remoting.Proxies.RealProxy.PrivateInvoke(MessageData& msgData, Int32 type)
   在 Wings.Framework.Plugin.Contracts.IPluginServiceCallBack.GetAllPermission()
   在 Wings.Core.Implementation.WebServiceImpl.GetAllAction(Guid WebID) 位置 g:\GitHub\WingsCMS\0\WingsCMS\Wings.Core\Implementation\WebServiceImpl.cs:行号 159
   在 DynamicModule.ns.Wrapped_IWebService_d2ca2e520ef746be9bd0b70c69e97d64.<GetAllAction_DelegateImplementation>__13(IMethodInvocation inputs, GetNextInterceptionBehaviorDelegate getNext)
-----------------------------------------

时间:2014-04-24 17:23:11,974 
级别:ERROR 
类名:Wings.Logger
文件:g:\GitHub\WingsCMS\0\WingsCMS\Wings.Framework\Log\Log.cs 第60行
 [68] 
 日志内容:System.ServiceModel.CommunicationObjectAbortedException: 由于会话通道等待接收消息时超时，因此无法完成操作“GetAllPermission”。要增加超时，请在配置文件绑定上设置 receiveTimeout 属性或直接在 Binding 上设置 ReceiveTimeout 属性。

Server stack trace: 
   在 System.ServiceModel.Channels.ServiceChannel.ThrowIfIdleAborted(ProxyOperationRuntime operation)
   在 System.ServiceModel.Channels.ServiceChannel.Call(String action, Boolean oneway, ProxyOperationRuntime operation, Object[] ins, Object[] outs, TimeSpan timeout)
   在 System.ServiceModel.Channels.ServiceChannelProxy.InvokeService(IMethodCallMessage methodCall, ProxyOperationRuntime operation)
   在 System.ServiceModel.Channels.ServiceChannelProxy.Invoke(IMessage message)

Exception rethrown at [0]: 
   在 System.Runtime.Remoting.Proxies.RealProxy.HandleReturnMessage(IMessage reqMsg, IMessage retMsg)
   在 System.Runtime.Remoting.Proxies.RealProxy.PrivateInvoke(MessageData& msgData, Int32 type)
   在 Wings.Framework.Plugin.Contracts.IPluginServiceCallBack.GetAllPermission()
   在 Wings.Core.Implementation.WebServiceImpl.GetAllAction(Guid WebID) 位置 g:\GitHub\WingsCMS\0\WingsCMS\Wings.Core\Implementation\WebServiceImpl.cs:行号 159
   在 DynamicModule.ns.Wrapped_IWebService_d2ca2e520ef746be9bd0b70c69e97d64.<GetAllAction_DelegateImplementation>__13(IMethodInvocation inputs, GetNextInterceptionBehaviorDelegate getNext)
-----------------------------------------

时间:2014-04-24 17:25:31,967 
级别:ERROR 
类名:Wings.Logger
文件:g:\GitHub\WingsCMS\0\WingsCMS\Wings.Framework\Log\Log.cs 第60行
 [68] 
 日志内容:System.ServiceModel.CommunicationObjectAbortedException: 由于会话通道等待接收消息时超时，因此无法完成操作“GetAllPermission”。要增加超时，请在配置文件绑定上设置 receiveTimeout 属性或直接在 Binding 上设置 ReceiveTimeout 属性。

Server stack trace: 
   在 System.ServiceModel.Channels.ServiceChannel.ThrowIfIdleAborted(ProxyOperationRuntime operation)
   在 System.ServiceModel.Channels.ServiceChannel.Call(String action, Boolean oneway, ProxyOperationRuntime operation, Object[] ins, Object[] outs, TimeSpan timeout)
   在 System.ServiceModel.Channels.ServiceChannelProxy.InvokeService(IMethodCallMessage methodCall, ProxyOperationRuntime operation)
   在 System.ServiceModel.Channels.ServiceChannelProxy.Invoke(IMessage message)

Exception rethrown at [0]: 
   在 System.Runtime.Remoting.Proxies.RealProxy.HandleReturnMessage(IMessage reqMsg, IMessage retMsg)
   在 System.Runtime.Remoting.Proxies.RealProxy.PrivateInvoke(MessageData& msgData, Int32 type)
   在 Wings.Framework.Plugin.Contracts.IPluginServiceCallBack.GetAllPermission()
   在 Wings.Core.Implementation.WebServiceImpl.GetAllAction(Guid WebID) 位置 g:\GitHub\WingsCMS\0\WingsCMS\Wings.Core\Implementation\WebServiceImpl.cs:行号 159
   在 DynamicModule.ns.Wrapped_IWebService_d2ca2e520ef746be9bd0b70c69e97d64.<GetAllAction_DelegateImplementation>__13(IMethodInvocation inputs, GetNextInterceptionBehaviorDelegate getNext)
-----------------------------------------

时间:2014-04-24 17:29:14,509 
级别:ERROR 
类名:Wings.Logger
文件:g:\GitHub\WingsCMS\0\WingsCMS\Wings.Framework\Log\Log.cs 第60行
 [68] 
 日志内容:System.ServiceModel.CommunicationObjectAbortedException: 由于会话通道等待接收消息时超时，因此无法完成操作“GetAllPermission”。要增加超时，请在配置文件绑定上设置 receiveTimeout 属性或直接在 Binding 上设置 ReceiveTimeout 属性。

Server stack trace: 
   在 System.ServiceModel.Channels.ServiceChannel.ThrowIfIdleAborted(ProxyOperationRuntime operation)
   在 System.ServiceModel.Channels.ServiceChannel.Call(String action, Boolean oneway, ProxyOperationRuntime operation, Object[] ins, Object[] outs, TimeSpan timeout)
   在 System.ServiceModel.Channels.ServiceChannelProxy.InvokeService(IMethodCallMessage methodCall, ProxyOperationRuntime operation)
   在 System.ServiceModel.Channels.ServiceChannelProxy.Invoke(IMessage message)

Exception rethrown at [0]: 
   在 System.Runtime.Remoting.Proxies.RealProxy.HandleReturnMessage(IMessage reqMsg, IMessage retMsg)
   在 System.Runtime.Remoting.Proxies.RealProxy.PrivateInvoke(MessageData& msgData, Int32 type)
   在 Wings.Framework.Plugin.Contracts.IPluginServiceCallBack.GetAllPermission()
   在 Wings.Core.Implementation.WebServiceImpl.GetAllAction(Guid WebID) 位置 g:\GitHub\WingsCMS\0\WingsCMS\Wings.Core\Implementation\WebServiceImpl.cs:行号 159
   在 DynamicModule.ns.Wrapped_IWebService_d2ca2e520ef746be9bd0b70c69e97d64.<GetAllAction_DelegateImplementation>__13(IMethodInvocation inputs, GetNextInterceptionBehaviorDelegate getNext)
-----------------------------------------

时间:2014-04-24 17:29:37,997 
级别:ERROR 
类名:Wings.Logger
文件:g:\GitHub\WingsCMS\0\WingsCMS\Wings.Framework\Log\Log.cs 第60行
 [68] 
 日志内容:System.ServiceModel.CommunicationObjectAbortedException: 由于会话通道等待接收消息时超时，因此无法完成操作“GetAllPermission”。要增加超时，请在配置文件绑定上设置 receiveTimeout 属性或直接在 Binding 上设置 ReceiveTimeout 属性。

Server stack trace: 
   在 System.ServiceModel.Channels.ServiceChannel.ThrowIfIdleAborted(ProxyOperationRuntime operation)
   在 System.ServiceModel.Channels.ServiceChannel.Call(String action, Boolean oneway, ProxyOperationRuntime operation, Object[] ins, Object[] outs, TimeSpan timeout)
   在 System.ServiceModel.Channels.ServiceChannelProxy.InvokeService(IMethodCallMessage methodCall, ProxyOperationRuntime operation)
   在 System.ServiceModel.Channels.ServiceChannelProxy.Invoke(IMessage message)

Exception rethrown at [0]: 
   在 System.Runtime.Remoting.Proxies.RealProxy.HandleReturnMessage(IMessage reqMsg, IMessage retMsg)
   在 System.Runtime.Remoting.Proxies.RealProxy.PrivateInvoke(MessageData& msgData, Int32 type)
   在 Wings.Framework.Plugin.Contracts.IPluginServiceCallBack.GetAllPermission()
   在 Wings.Core.Implementation.WebServiceImpl.GetAllAction(Guid WebID) 位置 g:\GitHub\WingsCMS\0\WingsCMS\Wings.Core\Implementation\WebServiceImpl.cs:行号 159
   在 DynamicModule.ns.Wrapped_IWebService_d2ca2e520ef746be9bd0b70c69e97d64.<GetAllAction_DelegateImplementation>__13(IMethodInvocation inputs, GetNextInterceptionBehaviorDelegate getNext)
-----------------------------------------

时间:2014-04-24 17:30:22,358 
级别:ERROR 
类名:Wings.Logger
文件:g:\GitHub\WingsCMS\0\WingsCMS\Wings.Framework\Log\Log.cs 第60行
 [68] 
 日志内容:System.ServiceModel.CommunicationObjectAbortedException: 由于会话通道等待接收消息时超时，因此无法完成操作“GetAllPermission”。要增加超时，请在配置文件绑定上设置 receiveTimeout 属性或直接在 Binding 上设置 ReceiveTimeout 属性。

Server stack trace: 
   在 System.ServiceModel.Channels.ServiceChannel.ThrowIfIdleAborted(ProxyOperationRuntime operation)
   在 System.ServiceModel.Channels.ServiceChannel.Call(String action, Boolean oneway, ProxyOperationRuntime operation, Object[] ins, Object[] outs, TimeSpan timeout)
   在 System.ServiceModel.Channels.ServiceChannelProxy.InvokeService(IMethodCallMessage methodCall, ProxyOperationRuntime operation)
   在 System.ServiceModel.Channels.ServiceChannelProxy.Invoke(IMessage message)

Exception rethrown at [0]: 
   在 System.Runtime.Remoting.Proxies.RealProxy.HandleReturnMessage(IMessage reqMsg, IMessage retMsg)
   在 System.Runtime.Remoting.Proxies.RealProxy.PrivateInvoke(MessageData& msgData, Int32 type)
   在 Wings.Framework.Plugin.Contracts.IPluginServiceCallBack.GetAllPermission()
   在 Wings.Core.Implementation.WebServiceImpl.GetAllAction(Guid WebID) 位置 g:\GitHub\WingsCMS\0\WingsCMS\Wings.Core\Implementation\WebServiceImpl.cs:行号 159
   在 DynamicModule.ns.Wrapped_IWebService_d2ca2e520ef746be9bd0b70c69e97d64.<GetAllAction_DelegateImplementation>__13(IMethodInvocation inputs, GetNextInterceptionBehaviorDelegate getNext)
-----------------------------------------

时间:2014-04-24 17:30:47,287 
级别:ERROR 
类名:Wings.Logger
文件:g:\GitHub\WingsCMS\0\WingsCMS\Wings.Framework\Log\Log.cs 第60行
 [68] 
 日志内容:System.ServiceModel.CommunicationObjectAbortedException: 由于会话通道等待接收消息时超时，因此无法完成操作“GetAllPermission”。要增加超时，请在配置文件绑定上设置 receiveTimeout 属性或直接在 Binding 上设置 ReceiveTimeout 属性。

Server stack trace: 
   在 System.ServiceModel.Channels.ServiceChannel.ThrowIfIdleAborted(ProxyOperationRuntime operation)
   在 System.ServiceModel.Channels.ServiceChannel.Call(String action, Boolean oneway, ProxyOperationRuntime operation, Object[] ins, Object[] outs, TimeSpan timeout)
   在 System.ServiceModel.Channels.ServiceChannelProxy.InvokeService(IMethodCallMessage methodCall, ProxyOperationRuntime operation)
   在 System.ServiceModel.Channels.ServiceChannelProxy.Invoke(IMessage message)

Exception rethrown at [0]: 
   在 System.Runtime.Remoting.Proxies.RealProxy.HandleReturnMessage(IMessage reqMsg, IMessage retMsg)
   在 System.Runtime.Remoting.Proxies.RealProxy.PrivateInvoke(MessageData& msgData, Int32 type)
   在 Wings.Framework.Plugin.Contracts.IPluginServiceCallBack.GetAllPermission()
   在 Wings.Core.Implementation.WebServiceImpl.GetAllAction(Guid WebID) 位置 g:\GitHub\WingsCMS\0\WingsCMS\Wings.Core\Implementation\WebServiceImpl.cs:行号 159
   在 DynamicModule.ns.Wrapped_IWebService_d2ca2e520ef746be9bd0b70c69e97d64.<GetAllAction_DelegateImplementation>__13(IMethodInvocation inputs, GetNextInterceptionBehaviorDelegate getNext)
-----------------------------------------

时间:2014-04-24 17:31:10,287 
级别:ERROR 
类名:Wings.Logger
文件:g:\GitHub\WingsCMS\0\WingsCMS\Wings.Framework\Log\Log.cs 第60行
 [68] 
 日志内容:System.ServiceModel.CommunicationObjectAbortedException: 由于会话通道等待接收消息时超时，因此无法完成操作“GetAllPermission”。要增加超时，请在配置文件绑定上设置 receiveTimeout 属性或直接在 Binding 上设置 ReceiveTimeout 属性。

Server stack trace: 
   在 System.ServiceModel.Channels.ServiceChannel.ThrowIfIdleAborted(ProxyOperationRuntime operation)
   在 System.ServiceModel.Channels.ServiceChannel.Call(String action, Boolean oneway, ProxyOperationRuntime operation, Object[] ins, Object[] outs, TimeSpan timeout)
   在 System.ServiceModel.Channels.ServiceChannelProxy.InvokeService(IMethodCallMessage methodCall, ProxyOperationRuntime operation)
   在 System.ServiceModel.Channels.ServiceChannelProxy.Invoke(IMessage message)

Exception rethrown at [0]: 
   在 System.Runtime.Remoting.Proxies.RealProxy.HandleReturnMessage(IMessage reqMsg, IMessage retMsg)
   在 System.Runtime.Remoting.Proxies.RealProxy.PrivateInvoke(MessageData& msgData, Int32 type)
   在 Wings.Framework.Plugin.Contracts.IPluginServiceCallBack.GetAllPermission()
   在 Wings.Core.Implementation.WebServiceImpl.GetAllAction(Guid WebID) 位置 g:\GitHub\WingsCMS\0\WingsCMS\Wings.Core\Implementation\WebServiceImpl.cs:行号 159
   在 DynamicModule.ns.Wrapped_IWebService_d2ca2e520ef746be9bd0b70c69e97d64.<GetAllAction_DelegateImplementation>__13(IMethodInvocation inputs, GetNextInterceptionBehaviorDelegate getNext)
-----------------------------------------

时间:2014-04-24 17:31:45,744 
级别:ERROR 
类名:Wings.Logger
文件:g:\GitHub\WingsCMS\0\WingsCMS\Wings.Framework\Log\Log.cs 第60行
 [68] 
 日志内容:System.ServiceModel.CommunicationObjectAbortedException: 由于会话通道等待接收消息时超时，因此无法完成操作“GetAllPermission”。要增加超时，请在配置文件绑定上设置 receiveTimeout 属性或直接在 Binding 上设置 ReceiveTimeout 属性。

Server stack trace: 
   在 System.ServiceModel.Channels.ServiceChannel.ThrowIfIdleAborted(ProxyOperationRuntime operation)
   在 System.ServiceModel.Channels.ServiceChannel.Call(String action, Boolean oneway, ProxyOperationRuntime operation, Object[] ins, Object[] outs, TimeSpan timeout)
   在 System.ServiceModel.Channels.ServiceChannelProxy.InvokeService(IMethodCallMessage methodCall, ProxyOperationRuntime operation)
   在 System.ServiceModel.Channels.ServiceChannelProxy.Invoke(IMessage message)

Exception rethrown at [0]: 
   在 System.Runtime.Remoting.Proxies.RealProxy.HandleReturnMessage(IMessage reqMsg, IMessage retMsg)
   在 System.Runtime.Remoting.Proxies.RealProxy.PrivateInvoke(MessageData& msgData, Int32 type)
   在 Wings.Framework.Plugin.Contracts.IPluginServiceCallBack.GetAllPermission()
   在 Wings.Core.Implementation.WebServiceImpl.GetAllAction(Guid WebID) 位置 g:\GitHub\WingsCMS\0\WingsCMS\Wings.Core\Implementation\WebServiceImpl.cs:行号 159
   在 DynamicModule.ns.Wrapped_IWebService_d2ca2e520ef746be9bd0b70c69e97d64.<GetAllAction_DelegateImplementation>__13(IMethodInvocation inputs, GetNextInterceptionBehaviorDelegate getNext)
-----------------------------------------

时间:2014-04-24 17:32:31,775 
级别:ERROR 
类名:Wings.Logger
文件:g:\GitHub\WingsCMS\0\WingsCMS\Wings.Framework\Log\Log.cs 第60行
 [68] 
 日志内容:System.ServiceModel.CommunicationObjectAbortedException: 由于会话通道等待接收消息时超时，因此无法完成操作“GetAllPermission”。要增加超时，请在配置文件绑定上设置 receiveTimeout 属性或直接在 Binding 上设置 ReceiveTimeout 属性。

Server stack trace: 
   在 System.ServiceModel.Channels.ServiceChannel.ThrowIfIdleAborted(ProxyOperationRuntime operation)
   在 System.ServiceModel.Channels.ServiceChannel.Call(String action, Boolean oneway, ProxyOperationRuntime operation, Object[] ins, Object[] outs, TimeSpan timeout)
   在 System.ServiceModel.Channels.ServiceChannelProxy.InvokeService(IMethodCallMessage methodCall, ProxyOperationRuntime operation)
   在 System.ServiceModel.Channels.ServiceChannelProxy.Invoke(IMessage message)

Exception rethrown at [0]: 
   在 System.Runtime.Remoting.Proxies.RealProxy.HandleReturnMessage(IMessage reqMsg, IMessage retMsg)
   在 System.Runtime.Remoting.Proxies.RealProxy.PrivateInvoke(MessageData& msgData, Int32 type)
   在 Wings.Framework.Plugin.Contracts.IPluginServiceCallBack.GetAllPermission()
   在 Wings.Core.Implementation.WebServiceImpl.GetAllAction(Guid WebID) 位置 g:\GitHub\WingsCMS\0\WingsCMS\Wings.Core\Implementation\WebServiceImpl.cs:行号 159
   在 DynamicModule.ns.Wrapped_IWebService_d2ca2e520ef746be9bd0b70c69e97d64.<GetAllAction_DelegateImplementation>__13(IMethodInvocation inputs, GetNextInterceptionBehaviorDelegate getNext)
-----------------------------------------

时间:2014-04-24 17:33:13,740 
级别:ERROR 
类名:Wings.Logger
文件:g:\GitHub\WingsCMS\0\WingsCMS\Wings.Framework\Log\Log.cs 第60行
 [68] 
 日志内容:System.ServiceModel.CommunicationObjectAbortedException: 由于会话通道等待接收消息时超时，因此无法完成操作“GetAllPermission”。要增加超时，请在配置文件绑定上设置 receiveTimeout 属性或直接在 Binding 上设置 ReceiveTimeout 属性。

Server stack trace: 
   在 System.ServiceModel.Channels.ServiceChannel.ThrowIfIdleAborted(ProxyOperationRuntime operation)
   在 System.ServiceModel.Channels.ServiceChannel.Call(String action, Boolean oneway, ProxyOperationRuntime operation, Object[] ins, Object[] outs, TimeSpan timeout)
   在 System.ServiceModel.Channels.ServiceChannelProxy.InvokeService(IMethodCallMessage methodCall, ProxyOperationRuntime operation)
   在 System.ServiceModel.Channels.ServiceChannelProxy.Invoke(IMessage message)

Exception rethrown at [0]: 
   在 System.Runtime.Remoting.Proxies.RealProxy.HandleReturnMessage(IMessage reqMsg, IMessage retMsg)
   在 System.Runtime.Remoting.Proxies.RealProxy.PrivateInvoke(MessageData& msgData, Int32 type)
   在 Wings.Framework.Plugin.Contracts.IPluginServiceCallBack.GetAllPermission()
   在 Wings.Core.Implementation.WebServiceImpl.GetAllAction(Guid WebID) 位置 g:\GitHub\WingsCMS\0\WingsCMS\Wings.Core\Implementation\WebServiceImpl.cs:行号 159
   在 DynamicModule.ns.Wrapped_IWebService_d2ca2e520ef746be9bd0b70c69e97d64.<GetAllAction_DelegateImplementation>__13(IMethodInvocation inputs, GetNextInterceptionBehaviorDelegate getNext)
-----------------------------------------

时间:2014-04-24 17:33:44,840 
级别:ERROR 
类名:Wings.Logger
文件:g:\GitHub\WingsCMS\0\WingsCMS\Wings.Framework\Log\Log.cs 第60行
 [68] 
 日志内容:System.ServiceModel.CommunicationObjectAbortedException: 由于会话通道等待接收消息时超时，因此无法完成操作“GetAllPermission”。要增加超时，请在配置文件绑定上设置 receiveTimeout 属性或直接在 Binding 上设置 ReceiveTimeout 属性。

Server stack trace: 
   在 System.ServiceModel.Channels.ServiceChannel.ThrowIfIdleAborted(ProxyOperationRuntime operation)
   在 System.ServiceModel.Channels.ServiceChannel.Call(String action, Boolean oneway, ProxyOperationRuntime operation, Object[] ins, Object[] outs, TimeSpan timeout)
   在 System.ServiceModel.Channels.ServiceChannelProxy.InvokeService(IMethodCallMessage methodCall, ProxyOperationRuntime operation)
   在 System.ServiceModel.Channels.ServiceChannelProxy.Invoke(IMessage message)

Exception rethrown at [0]: 
   在 System.Runtime.Remoting.Proxies.RealProxy.HandleReturnMessage(IMessage reqMsg, IMessage retMsg)
   在 System.Runtime.Remoting.Proxies.RealProxy.PrivateInvoke(MessageData& msgData, Int32 type)
   在 Wings.Framework.Plugin.Contracts.IPluginServiceCallBack.GetAllPermission()
   在 Wings.Core.Implementation.WebServiceImpl.GetAllAction(Guid WebID) 位置 g:\GitHub\WingsCMS\0\WingsCMS\Wings.Core\Implementation\WebServiceImpl.cs:行号 159
   在 DynamicModule.ns.Wrapped_IWebService_d2ca2e520ef746be9bd0b70c69e97d64.<GetAllAction_DelegateImplementation>__13(IMethodInvocation inputs, GetNextInterceptionBehaviorDelegate getNext)
-----------------------------------------

时间:2014-04-24 17:34:11,063 
级别:ERROR 
类名:Wings.Logger
文件:g:\GitHub\WingsCMS\0\WingsCMS\Wings.Framework\Log\Log.cs 第60行
 [68] 
 日志内容:System.ServiceModel.CommunicationObjectAbortedException: 由于会话通道等待接收消息时超时，因此无法完成操作“GetAllPermission”。要增加超时，请在配置文件绑定上设置 receiveTimeout 属性或直接在 Binding 上设置 ReceiveTimeout 属性。

Server stack trace: 
   在 System.ServiceModel.Channels.ServiceChannel.ThrowIfIdleAborted(ProxyOperationRuntime operation)
   在 System.ServiceModel.Channels.ServiceChannel.Call(String action, Boolean oneway, ProxyOperationRuntime operation, Object[] ins, Object[] outs, TimeSpan timeout)
   在 System.ServiceModel.Channels.ServiceChannelProxy.InvokeService(IMethodCallMessage methodCall, ProxyOperationRuntime operation)
   在 System.ServiceModel.Channels.ServiceChannelProxy.Invoke(IMessage message)

Exception rethrown at [0]: 
   在 System.Runtime.Remoting.Proxies.RealProxy.HandleReturnMessage(IMessage reqMsg, IMessage retMsg)
   在 System.Runtime.Remoting.Proxies.RealProxy.PrivateInvoke(MessageData& msgData, Int32 type)
   在 Wings.Framework.Plugin.Contracts.IPluginServiceCallBack.GetAllPermission()
   在 Wings.Core.Implementation.WebServiceImpl.GetAllAction(Guid WebID) 位置 g:\GitHub\WingsCMS\0\WingsCMS\Wings.Core\Implementation\WebServiceImpl.cs:行号 159
   在 DynamicModule.ns.Wrapped_IWebService_d2ca2e520ef746be9bd0b70c69e97d64.<GetAllAction_DelegateImplementation>__13(IMethodInvocation inputs, GetNextInterceptionBehaviorDelegate getNext)
-----------------------------------------

时间:2014-04-24 17:34:31,465 
级别:ERROR 
类名:Wings.Logger
文件:g:\GitHub\WingsCMS\0\WingsCMS\Wings.Framework\Log\Log.cs 第60行
 [68] 
 日志内容:System.ServiceModel.CommunicationObjectAbortedException: 由于会话通道等待接收消息时超时，因此无法完成操作“GetAllPermission”。要增加超时，请在配置文件绑定上设置 receiveTimeout 属性或直接在 Binding 上设置 ReceiveTimeout 属性。

Server stack trace: 
   在 System.ServiceModel.Channels.ServiceChannel.ThrowIfIdleAborted(ProxyOperationRuntime operation)
   在 System.ServiceModel.Channels.ServiceChannel.Call(String action, Boolean oneway, ProxyOperationRuntime operation, Object[] ins, Object[] outs, TimeSpan timeout)
   在 System.ServiceModel.Channels.ServiceChannelProxy.InvokeService(IMethodCallMessage methodCall, ProxyOperationRuntime operation)
   在 System.ServiceModel.Channels.ServiceChannelProxy.Invoke(IMessage message)

Exception rethrown at [0]: 
   在 System.Runtime.Remoting.Proxies.RealProxy.HandleReturnMessage(IMessage reqMsg, IMessage retMsg)
   在 System.Runtime.Remoting.Proxies.RealProxy.PrivateInvoke(MessageData& msgData, Int32 type)
   在 Wings.Framework.Plugin.Contracts.IPluginServiceCallBack.GetAllPermission()
   在 Wings.Core.Implementation.WebServiceImpl.GetAllAction(Guid WebID) 位置 g:\GitHub\WingsCMS\0\WingsCMS\Wings.Core\Implementation\WebServiceImpl.cs:行号 159
   在 DynamicModule.ns.Wrapped_IWebService_d2ca2e520ef746be9bd0b70c69e97d64.<GetAllAction_DelegateImplementation>__13(IMethodInvocation inputs, GetNextInterceptionBehaviorDelegate getNext)
-----------------------------------------

时间:2014-04-24 17:35:08,506 
级别:ERROR 
类名:Wings.Logger
文件:g:\GitHub\WingsCMS\0\WingsCMS\Wings.Framework\Log\Log.cs 第60行
 [68] 
 日志内容:System.ServiceModel.CommunicationObjectAbortedException: 由于会话通道等待接收消息时超时，因此无法完成操作“GetAllPermission”。要增加超时，请在配置文件绑定上设置 receiveTimeout 属性或直接在 Binding 上设置 ReceiveTimeout 属性。

Server stack trace: 
   在 System.ServiceModel.Channels.ServiceChannel.ThrowIfIdleAborted(ProxyOperationRuntime operation)
   在 System.ServiceModel.Channels.ServiceChannel.Call(String action, Boolean oneway, ProxyOperationRuntime operation, Object[] ins, Object[] outs, TimeSpan timeout)
   在 System.ServiceModel.Channels.ServiceChannelProxy.InvokeService(IMethodCallMessage methodCall, ProxyOperationRuntime operation)
   在 System.ServiceModel.Channels.ServiceChannelProxy.Invoke(IMessage message)

Exception rethrown at [0]: 
   在 System.Runtime.Remoting.Proxies.RealProxy.HandleReturnMessage(IMessage reqMsg, IMessage retMsg)
   在 System.Runtime.Remoting.Proxies.RealProxy.PrivateInvoke(MessageData& msgData, Int32 type)
   在 Wings.Framework.Plugin.Contracts.IPluginServiceCallBack.GetAllPermission()
   在 Wings.Core.Implementation.WebServiceImpl.GetAllAction(Guid WebID) 位置 g:\GitHub\WingsCMS\0\WingsCMS\Wings.Core\Implementation\WebServiceImpl.cs:行号 159
   在 DynamicModule.ns.Wrapped_IWebService_d2ca2e520ef746be9bd0b70c69e97d64.<GetAllAction_DelegateImplementation>__13(IMethodInvocation inputs, GetNextInterceptionBehaviorDelegate getNext)
-----------------------------------------

时间:2014-04-24 17:35:54,833 
级别:ERROR 
类名:Wings.Logger
文件:g:\GitHub\WingsCMS\0\WingsCMS\Wings.Framework\Log\Log.cs 第60行
 [68] 
 日志内容:System.ServiceModel.CommunicationObjectAbortedException: 由于会话通道等待接收消息时超时，因此无法完成操作“GetAllPermission”。要增加超时，请在配置文件绑定上设置 receiveTimeout 属性或直接在 Binding 上设置 ReceiveTimeout 属性。

Server stack trace: 
   在 System.ServiceModel.Channels.ServiceChannel.ThrowIfIdleAborted(ProxyOperationRuntime operation)
   在 System.ServiceModel.Channels.ServiceChannel.Call(String action, Boolean oneway, ProxyOperationRuntime operation, Object[] ins, Object[] outs, TimeSpan timeout)
   在 System.ServiceModel.Channels.ServiceChannelProxy.InvokeService(IMethodCallMessage methodCall, ProxyOperationRuntime operation)
   在 System.ServiceModel.Channels.ServiceChannelProxy.Invoke(IMessage message)

Exception rethrown at [0]: 
   在 System.Runtime.Remoting.Proxies.RealProxy.HandleReturnMessage(IMessage reqMsg, IMessage retMsg)
   在 System.Runtime.Remoting.Proxies.RealProxy.PrivateInvoke(MessageData& msgData, Int32 type)
   在 Wings.Framework.Plugin.Contracts.IPluginServiceCallBack.GetAllPermission()
   在 Wings.Core.Implementation.WebServiceImpl.GetAllAction(Guid WebID) 位置 g:\GitHub\WingsCMS\0\WingsCMS\Wings.Core\Implementation\WebServiceImpl.cs:行号 159
   在 DynamicModule.ns.Wrapped_IWebService_d2ca2e520ef746be9bd0b70c69e97d64.<GetAllAction_DelegateImplementation>__13(IMethodInvocation inputs, GetNextInterceptionBehaviorDelegate getNext)
-----------------------------------------

时间:2014-04-24 17:36:43,105 
级别:ERROR 
类名:Wings.Logger
文件:g:\GitHub\WingsCMS\0\WingsCMS\Wings.Framework\Log\Log.cs 第60行
 [68] 
 日志内容:System.ServiceModel.CommunicationObjectAbortedException: 由于会话通道等待接收消息时超时，因此无法完成操作“GetAllPermission”。要增加超时，请在配置文件绑定上设置 receiveTimeout 属性或直接在 Binding 上设置 ReceiveTimeout 属性。

Server stack trace: 
   在 System.ServiceModel.Channels.ServiceChannel.ThrowIfIdleAborted(ProxyOperationRuntime operation)
   在 System.ServiceModel.Channels.ServiceChannel.Call(String action, Boolean oneway, ProxyOperationRuntime operation, Object[] ins, Object[] outs, TimeSpan timeout)
   在 System.ServiceModel.Channels.ServiceChannelProxy.InvokeService(IMethodCallMessage methodCall, ProxyOperationRuntime operation)
   在 System.ServiceModel.Channels.ServiceChannelProxy.Invoke(IMessage message)

Exception rethrown at [0]: 
   在 System.Runtime.Remoting.Proxies.RealProxy.HandleReturnMessage(IMessage reqMsg, IMessage retMsg)
   在 System.Runtime.Remoting.Proxies.RealProxy.PrivateInvoke(MessageData& msgData, Int32 type)
   在 Wings.Framework.Plugin.Contracts.IPluginServiceCallBack.GetAllPermission()
   在 Wings.Core.Implementation.WebServiceImpl.GetAllAction(Guid WebID) 位置 g:\GitHub\WingsCMS\0\WingsCMS\Wings.Core\Implementation\WebServiceImpl.cs:行号 159
   在 DynamicModule.ns.Wrapped_IWebService_d2ca2e520ef746be9bd0b70c69e97d64.<GetAllAction_DelegateImplementation>__13(IMethodInvocation inputs, GetNextInterceptionBehaviorDelegate getNext)
-----------------------------------------

时间:2014-04-24 17:37:25,674 
级别:ERROR 
类名:Wings.Logger
文件:g:\GitHub\WingsCMS\0\WingsCMS\Wings.Framework\Log\Log.cs 第60行
 [68] 
 日志内容:System.ServiceModel.CommunicationObjectAbortedException: 由于会话通道等待接收消息时超时，因此无法完成操作“GetAllPermission”。要增加超时，请在配置文件绑定上设置 receiveTimeout 属性或直接在 Binding 上设置 ReceiveTimeout 属性。

Server stack trace: 
   在 System.ServiceModel.Channels.ServiceChannel.ThrowIfIdleAborted(ProxyOperationRuntime operation)
   在 System.ServiceModel.Channels.ServiceChannel.Call(String action, Boolean oneway, ProxyOperationRuntime operation, Object[] ins, Object[] outs, TimeSpan timeout)
   在 System.ServiceModel.Channels.ServiceChannelProxy.InvokeService(IMethodCallMessage methodCall, ProxyOperationRuntime operation)
   在 System.ServiceModel.Channels.ServiceChannelProxy.Invoke(IMessage message)

Exception rethrown at [0]: 
   在 System.Runtime.Remoting.Proxies.RealProxy.HandleReturnMessage(IMessage reqMsg, IMessage retMsg)
   在 System.Runtime.Remoting.Proxies.RealProxy.PrivateInvoke(MessageData& msgData, Int32 type)
   在 Wings.Framework.Plugin.Contracts.IPluginServiceCallBack.GetAllPermission()
   在 Wings.Core.Implementation.WebServiceImpl.GetAllAction(Guid WebID) 位置 g:\GitHub\WingsCMS\0\WingsCMS\Wings.Core\Implementation\WebServiceImpl.cs:行号 159
   在 DynamicModule.ns.Wrapped_IWebService_d2ca2e520ef746be9bd0b70c69e97d64.<GetAllAction_DelegateImplementation>__13(IMethodInvocation inputs, GetNextInterceptionBehaviorDelegate getNext)
-----------------------------------------

时间:2014-04-24 17:37:50,155 
级别:ERROR 
类名:Wings.Logger
文件:g:\GitHub\WingsCMS\0\WingsCMS\Wings.Framework\Log\Log.cs 第60行
 [68] 
 日志内容:System.ServiceModel.CommunicationObjectAbortedException: 由于会话通道等待接收消息时超时，因此无法完成操作“GetAllPermission”。要增加超时，请在配置文件绑定上设置 receiveTimeout 属性或直接在 Binding 上设置 ReceiveTimeout 属性。

Server stack trace: 
   在 System.ServiceModel.Channels.ServiceChannel.ThrowIfIdleAborted(ProxyOperationRuntime operation)
   在 System.ServiceModel.Channels.ServiceChannel.Call(String action, Boolean oneway, ProxyOperationRuntime operation, Object[] ins, Object[] outs, TimeSpan timeout)
   在 System.ServiceModel.Channels.ServiceChannelProxy.InvokeService(IMethodCallMessage methodCall, ProxyOperationRuntime operation)
   在 System.ServiceModel.Channels.ServiceChannelProxy.Invoke(IMessage message)

Exception rethrown at [0]: 
   在 System.Runtime.Remoting.Proxies.RealProxy.HandleReturnMessage(IMessage reqMsg, IMessage retMsg)
   在 System.Runtime.Remoting.Proxies.RealProxy.PrivateInvoke(MessageData& msgData, Int32 type)
   在 Wings.Framework.Plugin.Contracts.IPluginServiceCallBack.GetAllPermission()
   在 Wings.Core.Implementation.WebServiceImpl.GetAllAction(Guid WebID) 位置 g:\GitHub\WingsCMS\0\WingsCMS\Wings.Core\Implementation\WebServiceImpl.cs:行号 159
   在 DynamicModule.ns.Wrapped_IWebService_d2ca2e520ef746be9bd0b70c69e97d64.<GetAllAction_DelegateImplementation>__13(IMethodInvocation inputs, GetNextInterceptionBehaviorDelegate getNext)
-----------------------------------------

时间:2014-04-24 17:38:32,532 
级别:ERROR 
类名:Wings.Logger
文件:g:\GitHub\WingsCMS\0\WingsCMS\Wings.Framework\Log\Log.cs 第60行
 [68] 
 日志内容:System.ServiceModel.CommunicationObjectAbortedException: 由于会话通道等待接收消息时超时，因此无法完成操作“GetAllPermission”。要增加超时，请在配置文件绑定上设置 receiveTimeout 属性或直接在 Binding 上设置 ReceiveTimeout 属性。

Server stack trace: 
   在 System.ServiceModel.Channels.ServiceChannel.ThrowIfIdleAborted(ProxyOperationRuntime operation)
   在 System.ServiceModel.Channels.ServiceChannel.Call(String action, Boolean oneway, ProxyOperationRuntime operation, Object[] ins, Object[] outs, TimeSpan timeout)
   在 System.ServiceModel.Channels.ServiceChannelProxy.InvokeService(IMethodCallMessage methodCall, ProxyOperationRuntime operation)
   在 System.ServiceModel.Channels.ServiceChannelProxy.Invoke(IMessage message)

Exception rethrown at [0]: 
   在 System.Runtime.Remoting.Proxies.RealProxy.HandleReturnMessage(IMessage reqMsg, IMessage retMsg)
   在 System.Runtime.Remoting.Proxies.RealProxy.PrivateInvoke(MessageData& msgData, Int32 type)
   在 Wings.Framework.Plugin.Contracts.IPluginServiceCallBack.GetAllPermission()
   在 Wings.Core.Implementation.WebServiceImpl.GetAllAction(Guid WebID) 位置 g:\GitHub\WingsCMS\0\WingsCMS\Wings.Core\Implementation\WebServiceImpl.cs:行号 159
   在 DynamicModule.ns.Wrapped_IWebService_d2ca2e520ef746be9bd0b70c69e97d64.<GetAllAction_DelegateImplementation>__13(IMethodInvocation inputs, GetNextInterceptionBehaviorDelegate getNext)
-----------------------------------------

时间:2014-04-24 17:39:11,065 
级别:ERROR 
类名:Wings.Logger
文件:g:\GitHub\WingsCMS\0\WingsCMS\Wings.Framework\Log\Log.cs 第60行
 [68] 
 日志内容:System.ServiceModel.CommunicationObjectAbortedException: 由于会话通道等待接收消息时超时，因此无法完成操作“GetAllPermission”。要增加超时，请在配置文件绑定上设置 receiveTimeout 属性或直接在 Binding 上设置 ReceiveTimeout 属性。

Server stack trace: 
   在 System.ServiceModel.Channels.ServiceChannel.ThrowIfIdleAborted(ProxyOperationRuntime operation)
   在 System.ServiceModel.Channels.ServiceChannel.Call(String action, Boolean oneway, ProxyOperationRuntime operation, Object[] ins, Object[] outs, TimeSpan timeout)
   在 System.ServiceModel.Channels.ServiceChannelProxy.InvokeService(IMethodCallMessage methodCall, ProxyOperationRuntime operation)
   在 System.ServiceModel.Channels.ServiceChannelProxy.Invoke(IMessage message)

Exception rethrown at [0]: 
   在 System.Runtime.Remoting.Proxies.RealProxy.HandleReturnMessage(IMessage reqMsg, IMessage retMsg)
   在 System.Runtime.Remoting.Proxies.RealProxy.PrivateInvoke(MessageData& msgData, Int32 type)
   在 Wings.Framework.Plugin.Contracts.IPluginServiceCallBack.GetAllPermission()
   在 Wings.Core.Implementation.WebServiceImpl.GetAllAction(Guid WebID) 位置 g:\GitHub\WingsCMS\0\WingsCMS\Wings.Core\Implementation\WebServiceImpl.cs:行号 159
   在 DynamicModule.ns.Wrapped_IWebService_d2ca2e520ef746be9bd0b70c69e97d64.<GetAllAction_DelegateImplementation>__13(IMethodInvocation inputs, GetNextInterceptionBehaviorDelegate getNext)
-----------------------------------------

时间:2014-04-24 17:39:43,464 
级别:ERROR 
类名:Wings.Logger
文件:g:\GitHub\WingsCMS\0\WingsCMS\Wings.Framework\Log\Log.cs 第60行
 [68] 
 日志内容:System.ServiceModel.CommunicationObjectAbortedException: 由于会话通道等待接收消息时超时，因此无法完成操作“GetAllPermission”。要增加超时，请在配置文件绑定上设置 receiveTimeout 属性或直接在 Binding 上设置 ReceiveTimeout 属性。

Server stack trace: 
   在 System.ServiceModel.Channels.ServiceChannel.ThrowIfIdleAborted(ProxyOperationRuntime operation)
   在 System.ServiceModel.Channels.ServiceChannel.Call(String action, Boolean oneway, ProxyOperationRuntime operation, Object[] ins, Object[] outs, TimeSpan timeout)
   在 System.ServiceModel.Channels.ServiceChannelProxy.InvokeService(IMethodCallMessage methodCall, ProxyOperationRuntime operation)
   在 System.ServiceModel.Channels.ServiceChannelProxy.Invoke(IMessage message)

Exception rethrown at [0]: 
   在 System.Runtime.Remoting.Proxies.RealProxy.HandleReturnMessage(IMessage reqMsg, IMessage retMsg)
   在 System.Runtime.Remoting.Proxies.RealProxy.PrivateInvoke(MessageData& msgData, Int32 type)
   在 Wings.Framework.Plugin.Contracts.IPluginServiceCallBack.GetAllPermission()
   在 Wings.Core.Implementation.WebServiceImpl.GetAllAction(Guid WebID) 位置 g:\GitHub\WingsCMS\0\WingsCMS\Wings.Core\Implementation\WebServiceImpl.cs:行号 159
   在 DynamicModule.ns.Wrapped_IWebService_d2ca2e520ef746be9bd0b70c69e97d64.<GetAllAction_DelegateImplementation>__13(IMethodInvocation inputs, GetNextInterceptionBehaviorDelegate getNext)
-----------------------------------------

时间:2014-04-24 17:40:11,575 
级别:ERROR 
类名:Wings.Logger
文件:g:\GitHub\WingsCMS\0\WingsCMS\Wings.Framework\Log\Log.cs 第60行
 [68] 
 日志内容:System.ServiceModel.CommunicationObjectAbortedException: 由于会话通道等待接收消息时超时，因此无法完成操作“GetAllPermission”。要增加超时，请在配置文件绑定上设置 receiveTimeout 属性或直接在 Binding 上设置 ReceiveTimeout 属性。

Server stack trace: 
   在 System.ServiceModel.Channels.ServiceChannel.ThrowIfIdleAborted(ProxyOperationRuntime operation)
   在 System.ServiceModel.Channels.ServiceChannel.Call(String action, Boolean oneway, ProxyOperationRuntime operation, Object[] ins, Object[] outs, TimeSpan timeout)
   在 System.ServiceModel.Channels.ServiceChannelProxy.InvokeService(IMethodCallMessage methodCall, ProxyOperationRuntime operation)
   在 System.ServiceModel.Channels.ServiceChannelProxy.Invoke(IMessage message)

Exception rethrown at [0]: 
   在 System.Runtime.Remoting.Proxies.RealProxy.HandleReturnMessage(IMessage reqMsg, IMessage retMsg)
   在 System.Runtime.Remoting.Proxies.RealProxy.PrivateInvoke(MessageData& msgData, Int32 type)
   在 Wings.Framework.Plugin.Contracts.IPluginServiceCallBack.GetAllPermission()
   在 Wings.Core.Implementation.WebServiceImpl.GetAllAction(Guid WebID) 位置 g:\GitHub\WingsCMS\0\WingsCMS\Wings.Core\Implementation\WebServiceImpl.cs:行号 159
   在 DynamicModule.ns.Wrapped_IWebService_d2ca2e520ef746be9bd0b70c69e97d64.<GetAllAction_DelegateImplementation>__13(IMethodInvocation inputs, GetNextInterceptionBehaviorDelegate getNext)
-----------------------------------------

时间:2014-04-24 17:41:09,170 
级别:ERROR 
类名:Wings.Logger
文件:g:\GitHub\WingsCMS\0\WingsCMS\Wings.Framework\Log\Log.cs 第60行
 [68] 
 日志内容:System.ServiceModel.CommunicationObjectAbortedException: 由于会话通道等待接收消息时超时，因此无法完成操作“GetAllPermission”。要增加超时，请在配置文件绑定上设置 receiveTimeout 属性或直接在 Binding 上设置 ReceiveTimeout 属性。

Server stack trace: 
   在 System.ServiceModel.Channels.ServiceChannel.ThrowIfIdleAborted(ProxyOperationRuntime operation)
   在 System.ServiceModel.Channels.ServiceChannel.Call(String action, Boolean oneway, ProxyOperationRuntime operation, Object[] ins, Object[] outs, TimeSpan timeout)
   在 System.ServiceModel.Channels.ServiceChannelProxy.InvokeService(IMethodCallMessage methodCall, ProxyOperationRuntime operation)
   在 System.ServiceModel.Channels.ServiceChannelProxy.Invoke(IMessage message)

Exception rethrown at [0]: 
   在 System.Runtime.Remoting.Proxies.RealProxy.HandleReturnMessage(IMessage reqMsg, IMessage retMsg)
   在 System.Runtime.Remoting.Proxies.RealProxy.PrivateInvoke(MessageData& msgData, Int32 type)
   在 Wings.Framework.Plugin.Contracts.IPluginServiceCallBack.GetAllPermission()
   在 Wings.Core.Implementation.WebServiceImpl.GetAllAction(Guid WebID) 位置 g:\GitHub\WingsCMS\0\WingsCMS\Wings.Core\Implementation\WebServiceImpl.cs:行号 159
   在 DynamicModule.ns.Wrapped_IWebService_d2ca2e520ef746be9bd0b70c69e97d64.<GetAllAction_DelegateImplementation>__13(IMethodInvocation inputs, GetNextInterceptionBehaviorDelegate getNext)
-----------------------------------------

时间:2014-04-24 17:42:13,674 
级别:ERROR 
类名:Wings.Logger
文件:g:\GitHub\WingsCMS\0\WingsCMS\Wings.Framework\Log\Log.cs 第60行
 [68] 
 日志内容:System.ServiceModel.CommunicationObjectAbortedException: 由于会话通道等待接收消息时超时，因此无法完成操作“GetAllPermission”。要增加超时，请在配置文件绑定上设置 receiveTimeout 属性或直接在 Binding 上设置 ReceiveTimeout 属性。

Server stack trace: 
   在 System.ServiceModel.Channels.ServiceChannel.ThrowIfIdleAborted(ProxyOperationRuntime operation)
   在 System.ServiceModel.Channels.ServiceChannel.Call(String action, Boolean oneway, ProxyOperationRuntime operation, Object[] ins, Object[] outs, TimeSpan timeout)
   在 System.ServiceModel.Channels.ServiceChannelProxy.InvokeService(IMethodCallMessage methodCall, ProxyOperationRuntime operation)
   在 System.ServiceModel.Channels.ServiceChannelProxy.Invoke(IMessage message)

Exception rethrown at [0]: 
   在 System.Runtime.Remoting.Proxies.RealProxy.HandleReturnMessage(IMessage reqMsg, IMessage retMsg)
   在 System.Runtime.Remoting.Proxies.RealProxy.PrivateInvoke(MessageData& msgData, Int32 type)
   在 Wings.Framework.Plugin.Contracts.IPluginServiceCallBack.GetAllPermission()
   在 Wings.Core.Implementation.WebServiceImpl.GetAllAction(Guid WebID) 位置 g:\GitHub\WingsCMS\0\WingsCMS\Wings.Core\Implementation\WebServiceImpl.cs:行号 159
   在 DynamicModule.ns.Wrapped_IWebService_d2ca2e520ef746be9bd0b70c69e97d64.<GetAllAction_DelegateImplementation>__13(IMethodInvocation inputs, GetNextInterceptionBehaviorDelegate getNext)
-----------------------------------------

时间:2014-04-24 17:43:26,154 
级别:ERROR 
类名:Wings.Logger
文件:g:\GitHub\WingsCMS\0\WingsCMS\Wings.Framework\Log\Log.cs 第60行
 [68] 
 日志内容:System.ServiceModel.CommunicationObjectAbortedException: 由于会话通道等待接收消息时超时，因此无法完成操作“GetAllPermission”。要增加超时，请在配置文件绑定上设置 receiveTimeout 属性或直接在 Binding 上设置 ReceiveTimeout 属性。

Server stack trace: 
   在 System.ServiceModel.Channels.ServiceChannel.ThrowIfIdleAborted(ProxyOperationRuntime operation)
   在 System.ServiceModel.Channels.ServiceChannel.Call(String action, Boolean oneway, ProxyOperationRuntime operation, Object[] ins, Object[] outs, TimeSpan timeout)
   在 System.ServiceModel.Channels.ServiceChannelProxy.InvokeService(IMethodCallMessage methodCall, ProxyOperationRuntime operation)
   在 System.ServiceModel.Channels.ServiceChannelProxy.Invoke(IMessage message)

Exception rethrown at [0]: 
   在 System.Runtime.Remoting.Proxies.RealProxy.HandleReturnMessage(IMessage reqMsg, IMessage retMsg)
   在 System.Runtime.Remoting.Proxies.RealProxy.PrivateInvoke(MessageData& msgData, Int32 type)
   在 Wings.Framework.Plugin.Contracts.IPluginServiceCallBack.GetAllPermission()
   在 Wings.Core.Implementation.WebServiceImpl.GetAllAction(Guid WebID) 位置 g:\GitHub\WingsCMS\0\WingsCMS\Wings.Core\Implementation\WebServiceImpl.cs:行号 159
   在 DynamicModule.ns.Wrapped_IWebService_d2ca2e520ef746be9bd0b70c69e97d64.<GetAllAction_DelegateImplementation>__13(IMethodInvocation inputs, GetNextInterceptionBehaviorDelegate getNext)
-----------------------------------------

时间:2014-04-24 17:44:28,186 
级别:ERROR 
类名:Wings.Logger
文件:g:\GitHub\WingsCMS\0\WingsCMS\Wings.Framework\Log\Log.cs 第60行
 [68] 
 日志内容:System.ServiceModel.CommunicationObjectAbortedException: 由于会话通道等待接收消息时超时，因此无法完成操作“GetAllPermission”。要增加超时，请在配置文件绑定上设置 receiveTimeout 属性或直接在 Binding 上设置 ReceiveTimeout 属性。

Server stack trace: 
   在 System.ServiceModel.Channels.ServiceChannel.ThrowIfIdleAborted(ProxyOperationRuntime operation)
   在 System.ServiceModel.Channels.ServiceChannel.Call(String action, Boolean oneway, ProxyOperationRuntime operation, Object[] ins, Object[] outs, TimeSpan timeout)
   在 System.ServiceModel.Channels.ServiceChannelProxy.InvokeService(IMethodCallMessage methodCall, ProxyOperationRuntime operation)
   在 System.ServiceModel.Channels.ServiceChannelProxy.Invoke(IMessage message)

Exception rethrown at [0]: 
   在 System.Runtime.Remoting.Proxies.RealProxy.HandleReturnMessage(IMessage reqMsg, IMessage retMsg)
   在 System.Runtime.Remoting.Proxies.RealProxy.PrivateInvoke(MessageData& msgData, Int32 type)
   在 Wings.Framework.Plugin.Contracts.IPluginServiceCallBack.GetAllPermission()
   在 Wings.Core.Implementation.WebServiceImpl.GetAllAction(Guid WebID) 位置 g:\GitHub\WingsCMS\0\WingsCMS\Wings.Core\Implementation\WebServiceImpl.cs:行号 159
   在 DynamicModule.ns.Wrapped_IWebService_d2ca2e520ef746be9bd0b70c69e97d64.<GetAllAction_DelegateImplementation>__13(IMethodInvocation inputs, GetNextInterceptionBehaviorDelegate getNext)
-----------------------------------------

时间:2014-04-24 17:45:12,491 
级别:ERROR 
类名:Wings.Logger
文件:g:\GitHub\WingsCMS\0\WingsCMS\Wings.Framework\Log\Log.cs 第60行
 [68] 
 日志内容:System.ServiceModel.CommunicationObjectAbortedException: 由于会话通道等待接收消息时超时，因此无法完成操作“GetAllPermission”。要增加超时，请在配置文件绑定上设置 receiveTimeout 属性或直接在 Binding 上设置 ReceiveTimeout 属性。

Server stack trace: 
   在 System.ServiceModel.Channels.ServiceChannel.ThrowIfIdleAborted(ProxyOperationRuntime operation)
   在 System.ServiceModel.Channels.ServiceChannel.Call(String action, Boolean oneway, ProxyOperationRuntime operation, Object[] ins, Object[] outs, TimeSpan timeout)
   在 System.ServiceModel.Channels.ServiceChannelProxy.InvokeService(IMethodCallMessage methodCall, ProxyOperationRuntime operation)
   在 System.ServiceModel.Channels.ServiceChannelProxy.Invoke(IMessage message)

Exception rethrown at [0]: 
   在 System.Runtime.Remoting.Proxies.RealProxy.HandleReturnMessage(IMessage reqMsg, IMessage retMsg)
   在 System.Runtime.Remoting.Proxies.RealProxy.PrivateInvoke(MessageData& msgData, Int32 type)
   在 Wings.Framework.Plugin.Contracts.IPluginServiceCallBack.GetAllPermission()
   在 Wings.Core.Implementation.WebServiceImpl.GetAllAction(Guid WebID) 位置 g:\GitHub\WingsCMS\0\WingsCMS\Wings.Core\Implementation\WebServiceImpl.cs:行号 159
   在 DynamicModule.ns.Wrapped_IWebService_d2ca2e520ef746be9bd0b70c69e97d64.<GetAllAction_DelegateImplementation>__13(IMethodInvocation inputs, GetNextInterceptionBehaviorDelegate getNext)
-----------------------------------------

时间:2014-04-24 17:45:53,076 
级别:ERROR 
类名:Wings.Logger
文件:g:\GitHub\WingsCMS\0\WingsCMS\Wings.Framework\Log\Log.cs 第60行
 [68] 
 日志内容:System.ServiceModel.CommunicationObjectAbortedException: 由于会话通道等待接收消息时超时，因此无法完成操作“GetAllPermission”。要增加超时，请在配置文件绑定上设置 receiveTimeout 属性或直接在 Binding 上设置 ReceiveTimeout 属性。

Server stack trace: 
   在 System.ServiceModel.Channels.ServiceChannel.ThrowIfIdleAborted(ProxyOperationRuntime operation)
   在 System.ServiceModel.Channels.ServiceChannel.Call(String action, Boolean oneway, ProxyOperationRuntime operation, Object[] ins, Object[] outs, TimeSpan timeout)
   在 System.ServiceModel.Channels.ServiceChannelProxy.InvokeService(IMethodCallMessage methodCall, ProxyOperationRuntime operation)
   在 System.ServiceModel.Channels.ServiceChannelProxy.Invoke(IMessage message)

Exception rethrown at [0]: 
   在 System.Runtime.Remoting.Proxies.RealProxy.HandleReturnMessage(IMessage reqMsg, IMessage retMsg)
   在 System.Runtime.Remoting.Proxies.RealProxy.PrivateInvoke(MessageData& msgData, Int32 type)
   在 Wings.Framework.Plugin.Contracts.IPluginServiceCallBack.GetAllPermission()
   在 Wings.Core.Implementation.WebServiceImpl.GetAllAction(Guid WebID) 位置 g:\GitHub\WingsCMS\0\WingsCMS\Wings.Core\Implementation\WebServiceImpl.cs:行号 159
   在 DynamicModule.ns.Wrapped_IWebService_d2ca2e520ef746be9bd0b70c69e97d64.<GetAllAction_DelegateImplementation>__13(IMethodInvocation inputs, GetNextInterceptionBehaviorDelegate getNext)
-----------------------------------------

时间:2014-04-24 17:46:13,386 
级别:ERROR 
类名:Wings.Logger
文件:g:\GitHub\WingsCMS\0\WingsCMS\Wings.Framework\Log\Log.cs 第60行
 [68] 
 日志内容:System.ServiceModel.CommunicationObjectAbortedException: 由于会话通道等待接收消息时超时，因此无法完成操作“GetAllPermission”。要增加超时，请在配置文件绑定上设置 receiveTimeout 属性或直接在 Binding 上设置 ReceiveTimeout 属性。

Server stack trace: 
   在 System.ServiceModel.Channels.ServiceChannel.ThrowIfIdleAborted(ProxyOperationRuntime operation)
   在 System.ServiceModel.Channels.ServiceChannel.Call(String action, Boolean oneway, ProxyOperationRuntime operation, Object[] ins, Object[] outs, TimeSpan timeout)
   在 System.ServiceModel.Channels.ServiceChannelProxy.InvokeService(IMethodCallMessage methodCall, ProxyOperationRuntime operation)
   在 System.ServiceModel.Channels.ServiceChannelProxy.Invoke(IMessage message)

Exception rethrown at [0]: 
   在 System.Runtime.Remoting.Proxies.RealProxy.HandleReturnMessage(IMessage reqMsg, IMessage retMsg)
   在 System.Runtime.Remoting.Proxies.RealProxy.PrivateInvoke(MessageData& msgData, Int32 type)
   在 Wings.Framework.Plugin.Contracts.IPluginServiceCallBack.GetAllPermission()
   在 Wings.Core.Implementation.WebServiceImpl.GetAllAction(Guid WebID) 位置 g:\GitHub\WingsCMS\0\WingsCMS\Wings.Core\Implementation\WebServiceImpl.cs:行号 159
   在 DynamicModule.ns.Wrapped_IWebService_d2ca2e520ef746be9bd0b70c69e97d64.<GetAllAction_DelegateImplementation>__13(IMethodInvocation inputs, GetNextInterceptionBehaviorDelegate getNext)
-----------------------------------------

时间:2014-04-24 17:46:33,690 
级别:ERROR 
类名:Wings.Logger
文件:g:\GitHub\WingsCMS\0\WingsCMS\Wings.Framework\Log\Log.cs 第60行
 [68] 
 日志内容:System.ServiceModel.CommunicationObjectAbortedException: 由于会话通道等待接收消息时超时，因此无法完成操作“GetAllPermission”。要增加超时，请在配置文件绑定上设置 receiveTimeout 属性或直接在 Binding 上设置 ReceiveTimeout 属性。

Server stack trace: 
   在 System.ServiceModel.Channels.ServiceChannel.ThrowIfIdleAborted(ProxyOperationRuntime operation)
   在 System.ServiceModel.Channels.ServiceChannel.Call(String action, Boolean oneway, ProxyOperationRuntime operation, Object[] ins, Object[] outs, TimeSpan timeout)
   在 System.ServiceModel.Channels.ServiceChannelProxy.InvokeService(IMethodCallMessage methodCall, ProxyOperationRuntime operation)
   在 System.ServiceModel.Channels.ServiceChannelProxy.Invoke(IMessage message)

Exception rethrown at [0]: 
   在 System.Runtime.Remoting.Proxies.RealProxy.HandleReturnMessage(IMessage reqMsg, IMessage retMsg)
   在 System.Runtime.Remoting.Proxies.RealProxy.PrivateInvoke(MessageData& msgData, Int32 type)
   在 Wings.Framework.Plugin.Contracts.IPluginServiceCallBack.GetAllPermission()
   在 Wings.Core.Implementation.WebServiceImpl.GetAllAction(Guid WebID) 位置 g:\GitHub\WingsCMS\0\WingsCMS\Wings.Core\Implementation\WebServiceImpl.cs:行号 159
   在 DynamicModule.ns.Wrapped_IWebService_d2ca2e520ef746be9bd0b70c69e97d64.<GetAllAction_DelegateImplementation>__13(IMethodInvocation inputs, GetNextInterceptionBehaviorDelegate getNext)
-----------------------------------------

时间:2014-04-24 17:47:11,459 
级别:ERROR 
类名:Wings.Logger
文件:g:\GitHub\WingsCMS\0\WingsCMS\Wings.Framework\Log\Log.cs 第60行
 [68] 
 日志内容:System.ServiceModel.CommunicationObjectAbortedException: 由于会话通道等待接收消息时超时，因此无法完成操作“GetAllPermission”。要增加超时，请在配置文件绑定上设置 receiveTimeout 属性或直接在 Binding 上设置 ReceiveTimeout 属性。

Server stack trace: 
   在 System.ServiceModel.Channels.ServiceChannel.ThrowIfIdleAborted(ProxyOperationRuntime operation)
   在 System.ServiceModel.Channels.ServiceChannel.Call(String action, Boolean oneway, ProxyOperationRuntime operation, Object[] ins, Object[] outs, TimeSpan timeout)
   在 System.ServiceModel.Channels.ServiceChannelProxy.InvokeService(IMethodCallMessage methodCall, ProxyOperationRuntime operation)
   在 System.ServiceModel.Channels.ServiceChannelProxy.Invoke(IMessage message)

Exception rethrown at [0]: 
   在 System.Runtime.Remoting.Proxies.RealProxy.HandleReturnMessage(IMessage reqMsg, IMessage retMsg)
   在 System.Runtime.Remoting.Proxies.RealProxy.PrivateInvoke(MessageData& msgData, Int32 type)
   在 Wings.Framework.Plugin.Contracts.IPluginServiceCallBack.GetAllPermission()
   在 Wings.Core.Implementation.WebServiceImpl.GetAllAction(Guid WebID) 位置 g:\GitHub\WingsCMS\0\WingsCMS\Wings.Core\Implementation\WebServiceImpl.cs:行号 159
   在 DynamicModule.ns.Wrapped_IWebService_d2ca2e520ef746be9bd0b70c69e97d64.<GetAllAction_DelegateImplementation>__13(IMethodInvocation inputs, GetNextInterceptionBehaviorDelegate getNext)
-----------------------------------------

时间:2014-04-24 17:47:16,899 
级别:ERROR 
类名:Wings.Logger
文件:g:\GitHub\WingsCMS\0\WingsCMS\Wings.Framework\Log\Log.cs 第60行
 [68] 
 日志内容:System.ServiceModel.CommunicationObjectAbortedException: 由于会话通道等待接收消息时超时，因此无法完成操作“GetAllPermission”。要增加超时，请在配置文件绑定上设置 receiveTimeout 属性或直接在 Binding 上设置 ReceiveTimeout 属性。

Server stack trace: 
   在 System.ServiceModel.Channels.ServiceChannel.ThrowIfIdleAborted(ProxyOperationRuntime operation)
   在 System.ServiceModel.Channels.ServiceChannel.Call(String action, Boolean oneway, ProxyOperationRuntime operation, Object[] ins, Object[] outs, TimeSpan timeout)
   在 System.ServiceModel.Channels.ServiceChannelProxy.InvokeService(IMethodCallMessage methodCall, ProxyOperationRuntime operation)
   在 System.ServiceModel.Channels.ServiceChannelProxy.Invoke(IMessage message)

Exception rethrown at [0]: 
   在 System.Runtime.Remoting.Proxies.RealProxy.HandleReturnMessage(IMessage reqMsg, IMessage retMsg)
   在 System.Runtime.Remoting.Proxies.RealProxy.PrivateInvoke(MessageData& msgData, Int32 type)
   在 Wings.Framework.Plugin.Contracts.IPluginServiceCallBack.GetAllPermission()
   在 Wings.Core.Implementation.WebServiceImpl.GetAllAction(Guid WebID) 位置 g:\GitHub\WingsCMS\0\WingsCMS\Wings.Core\Implementation\WebServiceImpl.cs:行号 159
   在 DynamicModule.ns.Wrapped_IWebService_d2ca2e520ef746be9bd0b70c69e97d64.<GetAllAction_DelegateImplementation>__13(IMethodInvocation inputs, GetNextInterceptionBehaviorDelegate getNext)
-----------------------------------------

