时间:2014-04-23 08:50:25,351 
级别:ERROR 
类名:Wings.Logger
文件:g:\GitHub\WingsCMS\0\WingsCMS\Wings.Framework\Log\Log.cs 第60行
 [27] 
 日志内容:System.NotSupportedException: 无法创建“System.Object”类型的常量值。此上下文仅支持基元类型或枚举类型。
   在 System.Data.Entity.Core.Objects.ELinq.ExpressionConverter.ConstantTranslator.TypedTranslate(ExpressionConverter parent, ConstantExpression linq)
   在 System.Data.Entity.Core.Objects.ELinq.ExpressionConverter.TypedTranslator`1.Translate(ExpressionConverter parent, Expression linq)
   在 System.Data.Entity.Core.Objects.ELinq.ExpressionConverter.TranslateExpression(Expression linq)
   在 System.Data.Entity.Core.Objects.ELinq.ExpressionConverter.EqualsTranslator.TypedTranslate(ExpressionConverter parent, BinaryExpression linq)
   在 System.Data.Entity.Core.Objects.ELinq.ExpressionConverter.TypedTranslator`1.Translate(ExpressionConverter parent, Expression linq)
   在 System.Data.Entity.Core.Objects.ELinq.ExpressionConverter.TranslateExpression(Expression linq)
   在 System.Data.Entity.Core.Objects.ELinq.ExpressionConverter.TranslateLambda(LambdaExpression lambda, DbExpression input)
   在 System.Data.Entity.Core.Objects.ELinq.ExpressionConverter.TranslateLambda(LambdaExpression lambda, DbExpression input, DbExpressionBinding& binding)
   在 System.Data.Entity.Core.Objects.ELinq.ExpressionConverter.MethodCallTranslator.OneLambdaTranslator.Translate(ExpressionConverter parent, MethodCallExpression call, DbExpression& source, DbExpressionBinding& sourceBinding, DbExpression& lambda)
   在 System.Data.Entity.Core.Objects.ELinq.ExpressionConverter.MethodCallTranslator.OneLambdaTranslator.Translate(ExpressionConverter parent, MethodCallExpression call)
   在 System.Data.Entity.Core.Objects.ELinq.ExpressionConverter.MethodCallTranslator.SequenceMethodTranslator.Translate(ExpressionConverter parent, MethodCallExpression call, SequenceMethod sequenceMethod)
   在 System.Data.Entity.Core.Objects.ELinq.ExpressionConverter.MethodCallTranslator.TypedTranslate(ExpressionConverter parent, MethodCallExpression linq)
   在 System.Data.Entity.Core.Objects.ELinq.ExpressionConverter.TypedTranslator`1.Translate(ExpressionConverter parent, Expression linq)
   在 System.Data.Entity.Core.Objects.ELinq.ExpressionConverter.TranslateExpression(Expression linq)
   在 System.Data.Entity.Core.Objects.ELinq.ExpressionConverter.Convert()
   在 System.Data.Entity.Core.Objects.ELinq.ELinqQueryState.GetExecutionPlan(Nullable`1 forMergeOption)
   在 System.Data.Entity.Core.Objects.ObjectQuery`1.<>c__DisplayClass7.<GetResults>b__6()
   在 System.Data.Entity.Core.Objects.ObjectContext.ExecuteInTransaction[T](Func`1 func, IDbExecutionStrategy executionStrategy, Boolean startLocalTransaction, Boolean releaseConnectionOnSuccess)
   在 System.Data.Entity.Core.Objects.ObjectQuery`1.<>c__DisplayClass7.<GetResults>b__5()
   在 System.Data.Entity.SqlServer.DefaultSqlExecutionStrategy.Execute[TResult](Func`1 operation)
   在 System.Data.Entity.Core.Objects.ObjectQuery`1.GetResults(Nullable`1 forMergeOption)
   在 System.Data.Entity.Core.Objects.ObjectQuery`1.<System.Collections.Generic.IEnumerable<T>.GetEnumerator>b__0()
   在 System.Data.Entity.Internal.LazyEnumerator`1.MoveNext()
   在 System.Collections.Generic.List`1..ctor(IEnumerable`1 collection)
   在 System.Linq.Enumerable.ToList[TSource](IEnumerable`1 source)
   在 Wings.Domain.Repositories.EntityFramework.EntityFrameworkRepository`1.DoFindAll(ISpecification`1 specification, Expression`1 sortPredicate, SortOrder sortOrder) 位置 g:\GitHub\WingsCMS\0\WingsCMS\Wings.Domain.Repositories\EntityFramework\BaseRepository\EntityFrameworkRepository.cs:行号 107
   在 Wings.Domain.Repositories.EntityFramework.EntityFrameworkRepository`1.DoGetAll(ISpecification`1 specification, Expression`1 sortPredicate, SortOrder sortOrder) 位置 g:\GitHub\WingsCMS\0\WingsCMS\Wings.Domain.Repositories\EntityFramework\BaseRepository\EntityFrameworkRepository.cs:行号 73
   在 Wings.Domain.Repositories.Repository`1.DoGetAll(ISpecification`1 specification) 位置 g:\GitHub\WingsCMS\0\WingsCMS\Wings.Domain\Repositories\Repository.cs:行号 87
   在 Wings.Domain.Repositories.Repository`1.GetAll(ISpecification`1 specification) 位置 g:\GitHub\WingsCMS\0\WingsCMS\Wings.Domain\Repositories\Repository.cs:行号 393
   在 Wings.Core.Implementation.UserServiceImpl.GetAllUsers() 位置 g:\GitHub\WingsCMS\0\WingsCMS\Wings.Core\Implementation\UserServiceImpl.cs:行号 307
   在 DynamicModule.ns.Wrapped_IUserService_84ae94ae026b458f8486aad20c062c9b.<GetAllUsers_DelegateImplementation>__7(IMethodInvocation inputs, GetNextInterceptionBehaviorDelegate getNext)
-----------------------------------------

时间:2014-04-23 08:50:28,902 
级别:ERROR 
类名:Wings.Logger
文件:g:\GitHub\WingsCMS\0\WingsCMS\Wings.Framework\Log\Log.cs 第60行
 [27] 
 日志内容:System.NotSupportedException: 无法创建“System.Object”类型的常量值。此上下文仅支持基元类型或枚举类型。
   在 System.Data.Entity.Core.Objects.ELinq.ExpressionConverter.ConstantTranslator.TypedTranslate(ExpressionConverter parent, ConstantExpression linq)
   在 System.Data.Entity.Core.Objects.ELinq.ExpressionConverter.TypedTranslator`1.Translate(ExpressionConverter parent, Expression linq)
   在 System.Data.Entity.Core.Objects.ELinq.ExpressionConverter.TranslateExpression(Expression linq)
   在 System.Data.Entity.Core.Objects.ELinq.ExpressionConverter.EqualsTranslator.TypedTranslate(ExpressionConverter parent, BinaryExpression linq)
   在 System.Data.Entity.Core.Objects.ELinq.ExpressionConverter.TypedTranslator`1.Translate(ExpressionConverter parent, Expression linq)
   在 System.Data.Entity.Core.Objects.ELinq.ExpressionConverter.TranslateExpression(Expression linq)
   在 System.Data.Entity.Core.Objects.ELinq.ExpressionConverter.TranslateLambda(LambdaExpression lambda, DbExpression input)
   在 System.Data.Entity.Core.Objects.ELinq.ExpressionConverter.TranslateLambda(LambdaExpression lambda, DbExpression input, DbExpressionBinding& binding)
   在 System.Data.Entity.Core.Objects.ELinq.ExpressionConverter.MethodCallTranslator.OneLambdaTranslator.Translate(ExpressionConverter parent, MethodCallExpression call, DbExpression& source, DbExpressionBinding& sourceBinding, DbExpression& lambda)
   在 System.Data.Entity.Core.Objects.ELinq.ExpressionConverter.MethodCallTranslator.OneLambdaTranslator.Translate(ExpressionConverter parent, MethodCallExpression call)
   在 System.Data.Entity.Core.Objects.ELinq.ExpressionConverter.MethodCallTranslator.SequenceMethodTranslator.Translate(ExpressionConverter parent, MethodCallExpression call, SequenceMethod sequenceMethod)
   在 System.Data.Entity.Core.Objects.ELinq.ExpressionConverter.MethodCallTranslator.TypedTranslate(ExpressionConverter parent, MethodCallExpression linq)
   在 System.Data.Entity.Core.Objects.ELinq.ExpressionConverter.TypedTranslator`1.Translate(ExpressionConverter parent, Expression linq)
   在 System.Data.Entity.Core.Objects.ELinq.ExpressionConverter.TranslateExpression(Expression linq)
   在 System.Data.Entity.Core.Objects.ELinq.ExpressionConverter.Convert()
   在 System.Data.Entity.Core.Objects.ELinq.ELinqQueryState.GetExecutionPlan(Nullable`1 forMergeOption)
   在 System.Data.Entity.Core.Objects.ObjectQuery`1.<>c__DisplayClass7.<GetResults>b__6()
   在 System.Data.Entity.Core.Objects.ObjectContext.ExecuteInTransaction[T](Func`1 func, IDbExecutionStrategy executionStrategy, Boolean startLocalTransaction, Boolean releaseConnectionOnSuccess)
   在 System.Data.Entity.Core.Objects.ObjectQuery`1.<>c__DisplayClass7.<GetResults>b__5()
   在 System.Data.Entity.SqlServer.DefaultSqlExecutionStrategy.Execute[TResult](Func`1 operation)
   在 System.Data.Entity.Core.Objects.ObjectQuery`1.GetResults(Nullable`1 forMergeOption)
   在 System.Data.Entity.Core.Objects.ObjectQuery`1.<System.Collections.Generic.IEnumerable<T>.GetEnumerator>b__0()
   在 System.Data.Entity.Internal.LazyEnumerator`1.MoveNext()
   在 System.Collections.Generic.List`1..ctor(IEnumerable`1 collection)
   在 System.Linq.Enumerable.ToList[TSource](IEnumerable`1 source)
   在 Wings.Domain.Repositories.EntityFramework.EntityFrameworkRepository`1.DoFindAll(ISpecification`1 specification, Expression`1 sortPredicate, SortOrder sortOrder) 位置 g:\GitHub\WingsCMS\0\WingsCMS\Wings.Domain.Repositories\EntityFramework\BaseRepository\EntityFrameworkRepository.cs:行号 107
   在 Wings.Domain.Repositories.EntityFramework.EntityFrameworkRepository`1.DoGetAll(ISpecification`1 specification, Expression`1 sortPredicate, SortOrder sortOrder) 位置 g:\GitHub\WingsCMS\0\WingsCMS\Wings.Domain.Repositories\EntityFramework\BaseRepository\EntityFrameworkRepository.cs:行号 73
   在 Wings.Domain.Repositories.Repository`1.DoGetAll(ISpecification`1 specification) 位置 g:\GitHub\WingsCMS\0\WingsCMS\Wings.Domain\Repositories\Repository.cs:行号 87
   在 Wings.Domain.Repositories.Repository`1.GetAll(ISpecification`1 specification) 位置 g:\GitHub\WingsCMS\0\WingsCMS\Wings.Domain\Repositories\Repository.cs:行号 393
   在 Wings.Core.Implementation.UserServiceImpl.GetAllUsers() 位置 g:\GitHub\WingsCMS\0\WingsCMS\Wings.Core\Implementation\UserServiceImpl.cs:行号 307
   在 DynamicModule.ns.Wrapped_IUserService_84ae94ae026b458f8486aad20c062c9b.<GetAllUsers_DelegateImplementation>__7(IMethodInvocation inputs, GetNextInterceptionBehaviorDelegate getNext)
-----------------------------------------

时间:2014-04-23 08:50:39,302 
级别:ERROR 
类名:Wings.Logger
文件:g:\GitHub\WingsCMS\0\WingsCMS\Wings.Framework\Log\Log.cs 第60行
 [27] 
 日志内容:System.NotSupportedException: 无法创建“System.Object”类型的常量值。此上下文仅支持基元类型或枚举类型。
   在 System.Data.Entity.Core.Objects.ELinq.ExpressionConverter.ConstantTranslator.TypedTranslate(ExpressionConverter parent, ConstantExpression linq)
   在 System.Data.Entity.Core.Objects.ELinq.ExpressionConverter.TypedTranslator`1.Translate(ExpressionConverter parent, Expression linq)
   在 System.Data.Entity.Core.Objects.ELinq.ExpressionConverter.TranslateExpression(Expression linq)
   在 System.Data.Entity.Core.Objects.ELinq.ExpressionConverter.EqualsTranslator.TypedTranslate(ExpressionConverter parent, BinaryExpression linq)
   在 System.Data.Entity.Core.Objects.ELinq.ExpressionConverter.TypedTranslator`1.Translate(ExpressionConverter parent, Expression linq)
   在 System.Data.Entity.Core.Objects.ELinq.ExpressionConverter.TranslateExpression(Expression linq)
   在 System.Data.Entity.Core.Objects.ELinq.ExpressionConverter.TranslateLambda(LambdaExpression lambda, DbExpression input)
   在 System.Data.Entity.Core.Objects.ELinq.ExpressionConverter.TranslateLambda(LambdaExpression lambda, DbExpression input, DbExpressionBinding& binding)
   在 System.Data.Entity.Core.Objects.ELinq.ExpressionConverter.MethodCallTranslator.OneLambdaTranslator.Translate(ExpressionConverter parent, MethodCallExpression call, DbExpression& source, DbExpressionBinding& sourceBinding, DbExpression& lambda)
   在 System.Data.Entity.Core.Objects.ELinq.ExpressionConverter.MethodCallTranslator.OneLambdaTranslator.Translate(ExpressionConverter parent, MethodCallExpression call)
   在 System.Data.Entity.Core.Objects.ELinq.ExpressionConverter.MethodCallTranslator.SequenceMethodTranslator.Translate(ExpressionConverter parent, MethodCallExpression call, SequenceMethod sequenceMethod)
   在 System.Data.Entity.Core.Objects.ELinq.ExpressionConverter.MethodCallTranslator.TypedTranslate(ExpressionConverter parent, MethodCallExpression linq)
   在 System.Data.Entity.Core.Objects.ELinq.ExpressionConverter.TypedTranslator`1.Translate(ExpressionConverter parent, Expression linq)
   在 System.Data.Entity.Core.Objects.ELinq.ExpressionConverter.TranslateExpression(Expression linq)
   在 System.Data.Entity.Core.Objects.ELinq.ExpressionConverter.Convert()
   在 System.Data.Entity.Core.Objects.ELinq.ELinqQueryState.GetExecutionPlan(Nullable`1 forMergeOption)
   在 System.Data.Entity.Core.Objects.ObjectQuery`1.<>c__DisplayClass7.<GetResults>b__6()
   在 System.Data.Entity.Core.Objects.ObjectContext.ExecuteInTransaction[T](Func`1 func, IDbExecutionStrategy executionStrategy, Boolean startLocalTransaction, Boolean releaseConnectionOnSuccess)
   在 System.Data.Entity.Core.Objects.ObjectQuery`1.<>c__DisplayClass7.<GetResults>b__5()
   在 System.Data.Entity.SqlServer.DefaultSqlExecutionStrategy.Execute[TResult](Func`1 operation)
   在 System.Data.Entity.Core.Objects.ObjectQuery`1.GetResults(Nullable`1 forMergeOption)
   在 System.Data.Entity.Core.Objects.ObjectQuery`1.<System.Collections.Generic.IEnumerable<T>.GetEnumerator>b__0()
   在 System.Data.Entity.Internal.LazyEnumerator`1.MoveNext()
   在 System.Collections.Generic.List`1..ctor(IEnumerable`1 collection)
   在 System.Linq.Enumerable.ToList[TSource](IEnumerable`1 source)
   在 Wings.Domain.Repositories.EntityFramework.EntityFrameworkRepository`1.DoFindAll(ISpecification`1 specification, Expression`1 sortPredicate, SortOrder sortOrder) 位置 g:\GitHub\WingsCMS\0\WingsCMS\Wings.Domain.Repositories\EntityFramework\BaseRepository\EntityFrameworkRepository.cs:行号 107
   在 Wings.Domain.Repositories.EntityFramework.EntityFrameworkRepository`1.DoGetAll(ISpecification`1 specification, Expression`1 sortPredicate, SortOrder sortOrder) 位置 g:\GitHub\WingsCMS\0\WingsCMS\Wings.Domain.Repositories\EntityFramework\BaseRepository\EntityFrameworkRepository.cs:行号 73
   在 Wings.Domain.Repositories.Repository`1.DoGetAll(ISpecification`1 specification) 位置 g:\GitHub\WingsCMS\0\WingsCMS\Wings.Domain\Repositories\Repository.cs:行号 87
   在 Wings.Domain.Repositories.Repository`1.GetAll(ISpecification`1 specification) 位置 g:\GitHub\WingsCMS\0\WingsCMS\Wings.Domain\Repositories\Repository.cs:行号 393
   在 Wings.Core.Implementation.UserServiceImpl.GetAllUsers() 位置 g:\GitHub\WingsCMS\0\WingsCMS\Wings.Core\Implementation\UserServiceImpl.cs:行号 307
   在 DynamicModule.ns.Wrapped_IUserService_84ae94ae026b458f8486aad20c062c9b.<GetAllUsers_DelegateImplementation>__7(IMethodInvocation inputs, GetNextInterceptionBehaviorDelegate getNext)
-----------------------------------------

时间:2014-04-23 13:52:39,310 
级别:ERROR 
类名:Wings.Logger
文件:g:\GitHub\WingsCMS\0\WingsCMS\Wings.Framework\Log\Log.cs 第60行
 [39] 
 日志内容:System.NotSupportedException: 无法创建“System.Object”类型的常量值。此上下文仅支持基元类型或枚举类型。
   在 System.Data.Entity.Core.Objects.ELinq.ExpressionConverter.ConstantTranslator.TypedTranslate(ExpressionConverter parent, ConstantExpression linq)
   在 System.Data.Entity.Core.Objects.ELinq.ExpressionConverter.TypedTranslator`1.Translate(ExpressionConverter parent, Expression linq)
   在 System.Data.Entity.Core.Objects.ELinq.ExpressionConverter.TranslateExpression(Expression linq)
   在 System.Data.Entity.Core.Objects.ELinq.ExpressionConverter.EqualsTranslator.TypedTranslate(ExpressionConverter parent, BinaryExpression linq)
   在 System.Data.Entity.Core.Objects.ELinq.ExpressionConverter.TypedTranslator`1.Translate(ExpressionConverter parent, Expression linq)
   在 System.Data.Entity.Core.Objects.ELinq.ExpressionConverter.TranslateExpression(Expression linq)
   在 System.Data.Entity.Core.Objects.ELinq.ExpressionConverter.TranslateLambda(LambdaExpression lambda, DbExpression input)
   在 System.Data.Entity.Core.Objects.ELinq.ExpressionConverter.TranslateLambda(LambdaExpression lambda, DbExpression input, DbExpressionBinding& binding)
   在 System.Data.Entity.Core.Objects.ELinq.ExpressionConverter.MethodCallTranslator.OneLambdaTranslator.Translate(ExpressionConverter parent, MethodCallExpression call, DbExpression& source, DbExpressionBinding& sourceBinding, DbExpression& lambda)
   在 System.Data.Entity.Core.Objects.ELinq.ExpressionConverter.MethodCallTranslator.OneLambdaTranslator.Translate(ExpressionConverter parent, MethodCallExpression call)
   在 System.Data.Entity.Core.Objects.ELinq.ExpressionConverter.MethodCallTranslator.SequenceMethodTranslator.Translate(ExpressionConverter parent, MethodCallExpression call, SequenceMethod sequenceMethod)
   在 System.Data.Entity.Core.Objects.ELinq.ExpressionConverter.MethodCallTranslator.TypedTranslate(ExpressionConverter parent, MethodCallExpression linq)
   在 System.Data.Entity.Core.Objects.ELinq.ExpressionConverter.TypedTranslator`1.Translate(ExpressionConverter parent, Expression linq)
   在 System.Data.Entity.Core.Objects.ELinq.ExpressionConverter.TranslateExpression(Expression linq)
   在 System.Data.Entity.Core.Objects.ELinq.ExpressionConverter.Convert()
   在 System.Data.Entity.Core.Objects.ELinq.ELinqQueryState.GetExecutionPlan(Nullable`1 forMergeOption)
   在 System.Data.Entity.Core.Objects.ObjectQuery`1.<>c__DisplayClass7.<GetResults>b__6()
   在 System.Data.Entity.Core.Objects.ObjectContext.ExecuteInTransaction[T](Func`1 func, IDbExecutionStrategy executionStrategy, Boolean startLocalTransaction, Boolean releaseConnectionOnSuccess)
   在 System.Data.Entity.Core.Objects.ObjectQuery`1.<>c__DisplayClass7.<GetResults>b__5()
   在 System.Data.Entity.SqlServer.DefaultSqlExecutionStrategy.Execute[TResult](Func`1 operation)
   在 System.Data.Entity.Core.Objects.ObjectQuery`1.GetResults(Nullable`1 forMergeOption)
   在 System.Data.Entity.Core.Objects.ObjectQuery`1.<System.Collections.Generic.IEnumerable<T>.GetEnumerator>b__0()
   在 System.Data.Entity.Internal.LazyEnumerator`1.MoveNext()
   在 System.Collections.Generic.List`1..ctor(IEnumerable`1 collection)
   在 System.Linq.Enumerable.ToList[TSource](IEnumerable`1 source)
   在 Wings.Domain.Repositories.EntityFramework.EntityFrameworkRepository`1.DoFindAll(ISpecification`1 specification, Expression`1 sortPredicate, SortOrder sortOrder) 位置 g:\GitHub\WingsCMS\0\WingsCMS\Wings.Domain.Repositories\EntityFramework\BaseRepository\EntityFrameworkRepository.cs:行号 107
   在 Wings.Domain.Repositories.EntityFramework.EntityFrameworkRepository`1.DoGetAll(ISpecification`1 specification, Expression`1 sortPredicate, SortOrder sortOrder) 位置 g:\GitHub\WingsCMS\0\WingsCMS\Wings.Domain.Repositories\EntityFramework\BaseRepository\EntityFrameworkRepository.cs:行号 73
   在 Wings.Domain.Repositories.Repository`1.DoGetAll(ISpecification`1 specification) 位置 g:\GitHub\WingsCMS\0\WingsCMS\Wings.Domain\Repositories\Repository.cs:行号 87
   在 Wings.Domain.Repositories.Repository`1.GetAll(ISpecification`1 specification) 位置 g:\GitHub\WingsCMS\0\WingsCMS\Wings.Domain\Repositories\Repository.cs:行号 393
   在 Wings.Core.Implementation.UserServiceImpl.GetAllUsers() 位置 g:\GitHub\WingsCMS\0\WingsCMS\Wings.Core\Implementation\UserServiceImpl.cs:行号 307
   在 DynamicModule.ns.Wrapped_IUserService_e11fb48077b24f748996f5b62f3b5c59.<GetAllUsers_DelegateImplementation>__7(IMethodInvocation inputs, GetNextInterceptionBehaviorDelegate getNext)
-----------------------------------------

时间:2014-04-23 14:05:37,581 
级别:ERROR 
类名:Wings.Logger
文件:g:\GitHub\WingsCMS\0\WingsCMS\Wings.Framework\Log\Log.cs 第60行
 [49] 
 日志内容:System.NotSupportedException: 无法创建“System.Object”类型的常量值。此上下文仅支持基元类型或枚举类型。
   在 System.Data.Entity.Core.Objects.ELinq.ExpressionConverter.ConstantTranslator.TypedTranslate(ExpressionConverter parent, ConstantExpression linq)
   在 System.Data.Entity.Core.Objects.ELinq.ExpressionConverter.TypedTranslator`1.Translate(ExpressionConverter parent, Expression linq)
   在 System.Data.Entity.Core.Objects.ELinq.ExpressionConverter.TranslateExpression(Expression linq)
   在 System.Data.Entity.Core.Objects.ELinq.ExpressionConverter.EqualsTranslator.TypedTranslate(ExpressionConverter parent, BinaryExpression linq)
   在 System.Data.Entity.Core.Objects.ELinq.ExpressionConverter.TypedTranslator`1.Translate(ExpressionConverter parent, Expression linq)
   在 System.Data.Entity.Core.Objects.ELinq.ExpressionConverter.TranslateExpression(Expression linq)
   在 System.Data.Entity.Core.Objects.ELinq.ExpressionConverter.TranslateLambda(LambdaExpression lambda, DbExpression input)
   在 System.Data.Entity.Core.Objects.ELinq.ExpressionConverter.TranslateLambda(LambdaExpression lambda, DbExpression input, DbExpressionBinding& binding)
   在 System.Data.Entity.Core.Objects.ELinq.ExpressionConverter.MethodCallTranslator.OneLambdaTranslator.Translate(ExpressionConverter parent, MethodCallExpression call, DbExpression& source, DbExpressionBinding& sourceBinding, DbExpression& lambda)
   在 System.Data.Entity.Core.Objects.ELinq.ExpressionConverter.MethodCallTranslator.OneLambdaTranslator.Translate(ExpressionConverter parent, MethodCallExpression call)
   在 System.Data.Entity.Core.Objects.ELinq.ExpressionConverter.MethodCallTranslator.SequenceMethodTranslator.Translate(ExpressionConverter parent, MethodCallExpression call, SequenceMethod sequenceMethod)
   在 System.Data.Entity.Core.Objects.ELinq.ExpressionConverter.MethodCallTranslator.TypedTranslate(ExpressionConverter parent, MethodCallExpression linq)
   在 System.Data.Entity.Core.Objects.ELinq.ExpressionConverter.TypedTranslator`1.Translate(ExpressionConverter parent, Expression linq)
   在 System.Data.Entity.Core.Objects.ELinq.ExpressionConverter.TranslateExpression(Expression linq)
   在 System.Data.Entity.Core.Objects.ELinq.ExpressionConverter.Convert()
   在 System.Data.Entity.Core.Objects.ELinq.ELinqQueryState.GetExecutionPlan(Nullable`1 forMergeOption)
   在 System.Data.Entity.Core.Objects.ObjectQuery`1.<>c__DisplayClass7.<GetResults>b__6()
   在 System.Data.Entity.Core.Objects.ObjectContext.ExecuteInTransaction[T](Func`1 func, IDbExecutionStrategy executionStrategy, Boolean startLocalTransaction, Boolean releaseConnectionOnSuccess)
   在 System.Data.Entity.Core.Objects.ObjectQuery`1.<>c__DisplayClass7.<GetResults>b__5()
   在 System.Data.Entity.SqlServer.DefaultSqlExecutionStrategy.Execute[TResult](Func`1 operation)
   在 System.Data.Entity.Core.Objects.ObjectQuery`1.GetResults(Nullable`1 forMergeOption)
   在 System.Data.Entity.Core.Objects.ObjectQuery`1.<System.Collections.Generic.IEnumerable<T>.GetEnumerator>b__0()
   在 System.Data.Entity.Internal.LazyEnumerator`1.MoveNext()
   在 System.Collections.Generic.List`1..ctor(IEnumerable`1 collection)
   在 System.Linq.Enumerable.ToList[TSource](IEnumerable`1 source)
   在 Wings.Domain.Repositories.EntityFramework.EntityFrameworkRepository`1.DoFindAll(ISpecification`1 specification, Expression`1 sortPredicate, SortOrder sortOrder) 位置 g:\GitHub\WingsCMS\0\WingsCMS\Wings.Domain.Repositories\EntityFramework\BaseRepository\EntityFrameworkRepository.cs:行号 107
   在 Wings.Domain.Repositories.EntityFramework.EntityFrameworkRepository`1.DoGetAll(ISpecification`1 specification, Expression`1 sortPredicate, SortOrder sortOrder) 位置 g:\GitHub\WingsCMS\0\WingsCMS\Wings.Domain.Repositories\EntityFramework\BaseRepository\EntityFrameworkRepository.cs:行号 73
   在 Wings.Domain.Repositories.Repository`1.DoGetAll(ISpecification`1 specification) 位置 g:\GitHub\WingsCMS\0\WingsCMS\Wings.Domain\Repositories\Repository.cs:行号 87
   在 Wings.Domain.Repositories.Repository`1.GetAll(ISpecification`1 specification) 位置 g:\GitHub\WingsCMS\0\WingsCMS\Wings.Domain\Repositories\Repository.cs:行号 393
   在 Wings.Core.Implementation.UserServiceImpl.GetAllUsers() 位置 g:\GitHub\WingsCMS\0\WingsCMS\Wings.Core\Implementation\UserServiceImpl.cs:行号 307
   在 DynamicModule.ns.Wrapped_IUserService_e11fb48077b24f748996f5b62f3b5c59.<GetAllUsers_DelegateImplementation>__7(IMethodInvocation inputs, GetNextInterceptionBehaviorDelegate getNext)
-----------------------------------------

时间:2014-04-23 14:12:58,304 
级别:ERROR 
类名:Wings.Logger
文件:g:\GitHub\WingsCMS\0\WingsCMS\Wings.Framework\Log\Log.cs 第60行
 [36] 
 日志内容:System.NotSupportedException: 无法创建“System.Object”类型的常量值。此上下文仅支持基元类型或枚举类型。
   在 System.Data.Entity.Core.Objects.ELinq.ExpressionConverter.ConstantTranslator.TypedTranslate(ExpressionConverter parent, ConstantExpression linq)
   在 System.Data.Entity.Core.Objects.ELinq.ExpressionConverter.TypedTranslator`1.Translate(ExpressionConverter parent, Expression linq)
   在 System.Data.Entity.Core.Objects.ELinq.ExpressionConverter.TranslateExpression(Expression linq)
   在 System.Data.Entity.Core.Objects.ELinq.ExpressionConverter.EqualsTranslator.TypedTranslate(ExpressionConverter parent, BinaryExpression linq)
   在 System.Data.Entity.Core.Objects.ELinq.ExpressionConverter.TypedTranslator`1.Translate(ExpressionConverter parent, Expression linq)
   在 System.Data.Entity.Core.Objects.ELinq.ExpressionConverter.TranslateExpression(Expression linq)
   在 System.Data.Entity.Core.Objects.ELinq.ExpressionConverter.TranslateLambda(LambdaExpression lambda, DbExpression input)
   在 System.Data.Entity.Core.Objects.ELinq.ExpressionConverter.TranslateLambda(LambdaExpression lambda, DbExpression input, DbExpressionBinding& binding)
   在 System.Data.Entity.Core.Objects.ELinq.ExpressionConverter.MethodCallTranslator.OneLambdaTranslator.Translate(ExpressionConverter parent, MethodCallExpression call, DbExpression& source, DbExpressionBinding& sourceBinding, DbExpression& lambda)
   在 System.Data.Entity.Core.Objects.ELinq.ExpressionConverter.MethodCallTranslator.OneLambdaTranslator.Translate(ExpressionConverter parent, MethodCallExpression call)
   在 System.Data.Entity.Core.Objects.ELinq.ExpressionConverter.MethodCallTranslator.SequenceMethodTranslator.Translate(ExpressionConverter parent, MethodCallExpression call, SequenceMethod sequenceMethod)
   在 System.Data.Entity.Core.Objects.ELinq.ExpressionConverter.MethodCallTranslator.TypedTranslate(ExpressionConverter parent, MethodCallExpression linq)
   在 System.Data.Entity.Core.Objects.ELinq.ExpressionConverter.TypedTranslator`1.Translate(ExpressionConverter parent, Expression linq)
   在 System.Data.Entity.Core.Objects.ELinq.ExpressionConverter.TranslateExpression(Expression linq)
   在 System.Data.Entity.Core.Objects.ELinq.ExpressionConverter.Convert()
   在 System.Data.Entity.Core.Objects.ELinq.ELinqQueryState.GetExecutionPlan(Nullable`1 forMergeOption)
   在 System.Data.Entity.Core.Objects.ObjectQuery`1.<>c__DisplayClass7.<GetResults>b__6()
   在 System.Data.Entity.Core.Objects.ObjectContext.ExecuteInTransaction[T](Func`1 func, IDbExecutionStrategy executionStrategy, Boolean startLocalTransaction, Boolean releaseConnectionOnSuccess)
   在 System.Data.Entity.Core.Objects.ObjectQuery`1.<>c__DisplayClass7.<GetResults>b__5()
   在 System.Data.Entity.SqlServer.DefaultSqlExecutionStrategy.Execute[TResult](Func`1 operation)
   在 System.Data.Entity.Core.Objects.ObjectQuery`1.GetResults(Nullable`1 forMergeOption)
   在 System.Data.Entity.Core.Objects.ObjectQuery`1.<System.Collections.Generic.IEnumerable<T>.GetEnumerator>b__0()
   在 System.Data.Entity.Internal.LazyEnumerator`1.MoveNext()
   在 System.Collections.Generic.List`1..ctor(IEnumerable`1 collection)
   在 System.Linq.Enumerable.ToList[TSource](IEnumerable`1 source)
   在 Wings.Domain.Repositories.EntityFramework.EntityFrameworkRepository`1.DoFindAll(ISpecification`1 specification, Expression`1 sortPredicate, SortOrder sortOrder) 位置 g:\GitHub\WingsCMS\0\WingsCMS\Wings.Domain.Repositories\EntityFramework\BaseRepository\EntityFrameworkRepository.cs:行号 107
   在 Wings.Domain.Repositories.EntityFramework.EntityFrameworkRepository`1.DoGetAll(ISpecification`1 specification, Expression`1 sortPredicate, SortOrder sortOrder) 位置 g:\GitHub\WingsCMS\0\WingsCMS\Wings.Domain.Repositories\EntityFramework\BaseRepository\EntityFrameworkRepository.cs:行号 73
   在 Wings.Domain.Repositories.Repository`1.DoGetAll(ISpecification`1 specification) 位置 g:\GitHub\WingsCMS\0\WingsCMS\Wings.Domain\Repositories\Repository.cs:行号 87
   在 Wings.Domain.Repositories.Repository`1.GetAll(ISpecification`1 specification) 位置 g:\GitHub\WingsCMS\0\WingsCMS\Wings.Domain\Repositories\Repository.cs:行号 393
   在 Wings.Core.Implementation.UserServiceImpl.GetAllUsers() 位置 g:\GitHub\WingsCMS\0\WingsCMS\Wings.Core\Implementation\UserServiceImpl.cs:行号 307
   在 DynamicModule.ns.Wrapped_IUserService_e11fb48077b24f748996f5b62f3b5c59.<GetAllUsers_DelegateImplementation>__7(IMethodInvocation inputs, GetNextInterceptionBehaviorDelegate getNext)
-----------------------------------------

时间:2014-04-23 16:39:02,051 
级别:ERROR 
类名:Wings.Logger
文件:g:\GitHub\WingsCMS\0\WingsCMS\Wings.Framework\Log\Log.cs 第60行
 [6] 
 日志内容:System.FormatException: 指定字符串与电子邮件地址所要求的形式不符。
   在 System.Net.Mail.MailAddressParser.ReadCfwsAndThrowIfIncomplete(String data, Int32 index)
   在 System.Net.Mail.MailAddressParser.ParseDomain(String data, Int32& index)
   在 System.Net.Mail.MailAddressParser.ParseAddress(String data, Boolean expectMultipleAddresses, Int32& index)
   在 System.Net.Mail.MailAddressParser.ParseAddress(String data)
   在 System.Net.Mail.MailAddress..ctor(String address, String displayName, Encoding displayNameEncoding)
   在 System.Net.Mail.Message..ctor(String from, String to)
   在 System.Net.Mail.MailMessage..ctor(String from, String to)
   在 System.Net.Mail.MailMessage..ctor(String from, String to, String subject, String body)
   在 Wings.Framework.Utils.Email.Send(String to, String subject, String content) 位置 g:\GitHub\WingsCMS\0\WingsCMS\Wings.Framework\Utils\Email.cs:行号 24
   在 Wings.Events.Handlers.SendEmailHandler.Handle(UserForbiddenEvent evnt) 位置 g:\GitHub\WingsCMS\0\WingsCMS\Wings.Events.Handlers\SendEmailHandler.cs:行号 27
-----------------------------------------

时间:2014-04-23 16:45:08,226 
级别:ERROR 
类名:Wings.Logger
文件:g:\GitHub\WingsCMS\0\WingsCMS\Wings.Framework\Log\Log.cs 第60行
 [7] 
 日志内容:System.FormatException: 指定字符串与电子邮件地址所要求的形式不符。
   在 System.Net.Mail.MailAddressParser.ReadCfwsAndThrowIfIncomplete(String data, Int32 index)
   在 System.Net.Mail.MailAddressParser.ParseDomain(String data, Int32& index)
   在 System.Net.Mail.MailAddressParser.ParseAddress(String data, Boolean expectMultipleAddresses, Int32& index)
   在 System.Net.Mail.MailAddressParser.ParseAddress(String data)
   在 System.Net.Mail.MailAddress..ctor(String address, String displayName, Encoding displayNameEncoding)
   在 System.Net.Mail.Message..ctor(String from, String to)
   在 System.Net.Mail.MailMessage..ctor(String from, String to)
   在 System.Net.Mail.MailMessage..ctor(String from, String to, String subject, String body)
   在 Wings.Framework.Utils.Email.Send(String to, String subject, String content) 位置 g:\GitHub\WingsCMS\0\WingsCMS\Wings.Framework\Utils\Email.cs:行号 24
   在 Wings.Events.Handlers.SendEmailHandler.Handle(UserForbiddenEvent evnt) 位置 g:\GitHub\WingsCMS\0\WingsCMS\Wings.Events.Handlers\SendEmailHandler.cs:行号 27
-----------------------------------------

